-- The C compiler identification is GNU 11.4.0
-- The CXX compiler identification is GNU 11.4.0
-- Detecting C compiler ABI info
-- Detecting C compiler ABI info - done
-- Check for working C compiler: /usr/bin/cc - skipped
-- Detecting C compile features
-- Detecting C compile features - done
-- Detecting CXX compiler ABI info
-- Detecting CXX compiler ABI info - done
-- Check for working CXX compiler: /usr/bin/c++ - skipped
-- Detecting CXX compile features
-- Detecting CXX compile features - done
-- Found ament_cmake: 1.3.8 (/opt/ros/humble/share/ament_cmake/cmake)
-- Found Python3: /home/wbc/software/anaconda3/bin/python3 (found version "3.11.5") found components: Interpreter 
-- Found geometry_msgs: 4.2.3 (/opt/ros/humble/share/geometry_msgs/cmake)
-- Found rosidl_generator_c: 3.1.5 (/opt/ros/humble/share/rosidl_generator_c/cmake)
-- Found rosidl_adapter: 3.1.5 (/opt/ros/humble/share/rosidl_adapter/cmake)
-- Found rosidl_generator_cpp: 3.1.5 (/opt/ros/humble/share/rosidl_generator_cpp/cmake)
-- Using all available rosidl_typesupport_c: rosidl_typesupport_fastrtps_c;rosidl_typesupport_introspection_c
-- Using all available rosidl_typesupport_cpp: rosidl_typesupport_fastrtps_cpp;rosidl_typesupport_introspection_cpp
-- Found rosidl_default_generators: 1.2.0 (/opt/ros/humble/share/rosidl_default_generators/cmake)
-- Found ament_lint_auto: 0.12.10 (/opt/ros/humble/share/ament_lint_auto/cmake)
-- Found ament_cmake_ros: 0.10.0 (/opt/ros/humble/share/ament_cmake_ros/cmake)
-- Using all available rosidl_typesupport_c: rosidl_typesupport_fastrtps_c;rosidl_typesupport_introspection_c
-- Using all available rosidl_typesupport_cpp: rosidl_typesupport_fastrtps_cpp;rosidl_typesupport_introspection_cpp
-- Found PythonInterp: /home/wbc/software/anaconda3/bin/python3 (found suitable version "3.11.5", minimum required is "3.6") 
-- Found python_cmake_module: 0.10.0 (/opt/ros/humble/share/python_cmake_module/cmake)
-- Found PythonLibs: /home/wbc/software/anaconda3/lib/libpython3.11.so (found suitable version "3.11.5", minimum required is "3.5") 
-- Using PYTHON_EXECUTABLE: /home/wbc/software/anaconda3/bin/python3
-- Using PYTHON_INCLUDE_DIRS: /home/wbc/software/anaconda3/include/python3.11
-- Using PYTHON_LIBRARIES: /home/wbc/software/anaconda3/lib/libpython3.11.so
-- Found PythonExtra: .so  
-- Using numpy include directory: /home/wbc/software/anaconda3/lib/python3.11/site-packages/numpy/core/include
-- Added test 'lint_cmake' to check CMake code style
-- Added test 'xmllint' to check XML markup files
-- Configuring done
-- Generating done
-- Build files have been written to: /home/wbc/Projects/ros2_grasp_position_compute/build/compute_grasp_interface
[  3%] [34m[1mGenerating C code for ROS interfaces[0m
[  6%] [34m[1mGenerating C++ code for ROS interfaces[0m
[  6%] Built target ament_cmake_python_copy_compute_grasp_interface
running egg_info
creating compute_grasp_interface.egg-info
writing compute_grasp_interface.egg-info/PKG-INFO
writing dependency_links to compute_grasp_interface.egg-info/dependency_links.txt
writing top-level names to compute_grasp_interface.egg-info/top_level.txt
writing manifest file 'compute_grasp_interface.egg-info/SOURCES.txt'
[  6%] Built target compute_grasp_interface__cpp
[  9%] [34m[1mGenerating C++ type support dispatch for ROS interfaces[0m
[ 12%] [34m[1mGenerating C++ type support for eProsima Fast-RTPS[0m
[ 16%] [34m[1mGenerating C++ introspection for ROS interfaces[0m
reading manifest file 'compute_grasp_interface.egg-info/SOURCES.txt'
writing manifest file 'compute_grasp_interface.egg-info/SOURCES.txt'
[ 19%] [32mBuilding C object CMakeFiles/compute_grasp_interface__rosidl_generator_c.dir/rosidl_generator_c/compute_grasp_interface/srv/detail/compute_grasp__functions.c.o[0m
[ 19%] Built target ament_cmake_python_build_compute_grasp_interface_egg
[ 22%] [32m[1mLinking C shared library libcompute_grasp_interface__rosidl_generator_c.so[0m
[ 22%] Built target compute_grasp_interface__rosidl_generator_c
[ 25%] [34m[1mGenerating C introspection for ROS interfaces[0m
[ 29%] [34m[1mGenerating C type support for eProsima Fast-RTPS[0m
[ 32%] [34m[1mGenerating C type support dispatch for ROS interfaces[0m
[ 35%] [32mBuilding CXX object CMakeFiles/compute_grasp_interface__rosidl_typesupport_cpp.dir/rosidl_typesupport_cpp/compute_grasp_interface/srv/compute_grasp__type_support.cpp.o[0m
[ 38%] [32mBuilding CXX object CMakeFiles/compute_grasp_interface__rosidl_typesupport_introspection_cpp.dir/rosidl_typesupport_introspection_cpp/compute_grasp_interface/srv/detail/compute_grasp__type_support.cpp.o[0m
[ 41%] [32mBuilding CXX object CMakeFiles/compute_grasp_interface__rosidl_typesupport_fastrtps_cpp.dir/rosidl_typesupport_fastrtps_cpp/compute_grasp_interface/srv/detail/dds_fastrtps/compute_grasp__type_support.cpp.o[0m
[ 45%] [32mBuilding CXX object CMakeFiles/compute_grasp_interface__rosidl_typesupport_c.dir/rosidl_typesupport_c/compute_grasp_interface/srv/compute_grasp__type_support.cpp.o[0m
[ 48%] [32mBuilding CXX object CMakeFiles/compute_grasp_interface__rosidl_typesupport_fastrtps_c.dir/rosidl_typesupport_fastrtps_c/compute_grasp_interface/srv/detail/compute_grasp__type_support_c.cpp.o[0m
[ 51%] [32mBuilding C object CMakeFiles/compute_grasp_interface__rosidl_typesupport_introspection_c.dir/rosidl_typesupport_introspection_c/compute_grasp_interface/srv/detail/compute_grasp__type_support.c.o[0m
[ 54%] [32m[1mLinking CXX shared library libcompute_grasp_interface__rosidl_typesupport_c.so[0m
[ 58%] [32m[1mLinking C shared library libcompute_grasp_interface__rosidl_typesupport_introspection_c.so[0m
[ 58%] Built target compute_grasp_interface__rosidl_typesupport_c
[ 61%] [32m[1mLinking CXX shared library libcompute_grasp_interface__rosidl_typesupport_cpp.so[0m
[ 61%] Built target compute_grasp_interface__rosidl_typesupport_introspection_c
[ 61%] Built target compute_grasp_interface__rosidl_typesupport_cpp
[ 64%] [32m[1mLinking CXX shared library libcompute_grasp_interface__rosidl_typesupport_introspection_cpp.so[0m
[ 67%] [32m[1mLinking CXX shared library libcompute_grasp_interface__rosidl_typesupport_fastrtps_cpp.so[0m
[ 67%] Built target compute_grasp_interface__rosidl_typesupport_introspection_cpp
[ 70%] [32m[1mLinking CXX shared library libcompute_grasp_interface__rosidl_typesupport_fastrtps_c.so[0m
[ 70%] Built target compute_grasp_interface__rosidl_typesupport_fastrtps_cpp
[ 70%] Built target compute_grasp_interface__rosidl_typesupport_fastrtps_c
[ 70%] Built target compute_grasp_interface
[ 74%] [34m[1mGenerating Python code for ROS interfaces[0m
[ 74%] Built target compute_grasp_interface__py
[ 77%] [32mBuilding C object CMakeFiles/compute_grasp_interface__rosidl_generator_py.dir/rosidl_generator_py/compute_grasp_interface/srv/_compute_grasp_s.c.o[0m
[ 80%] [32m[1mLinking C shared library rosidl_generator_py/compute_grasp_interface/libcompute_grasp_interface__rosidl_generator_py.so[0m
[ 80%] Built target compute_grasp_interface__rosidl_generator_py
[ 83%] [32mBuilding C object CMakeFiles/compute_grasp_interface__rosidl_typesupport_fastrtps_c__pyext.dir/rosidl_generator_py/compute_grasp_interface/_compute_grasp_interface_s.ep.rosidl_typesupport_fastrtps_c.c.o[0m
[ 87%] [32mBuilding C object CMakeFiles/compute_grasp_interface__rosidl_typesupport_c__pyext.dir/rosidl_generator_py/compute_grasp_interface/_compute_grasp_interface_s.ep.rosidl_typesupport_c.c.o[0m
[ 90%] [32mBuilding C object CMakeFiles/compute_grasp_interface__rosidl_typesupport_introspection_c__pyext.dir/rosidl_generator_py/compute_grasp_interface/_compute_grasp_interface_s.ep.rosidl_typesupport_introspection_c.c.o[0m
[ 93%] [32m[1mLinking C shared library rosidl_generator_py/compute_grasp_interface/compute_grasp_interface_s__rosidl_typesupport_fastrtps_c.cpython-311-x86_64-linux-gnu.so[0m
[ 96%] [32m[1mLinking C shared library rosidl_generator_py/compute_grasp_interface/compute_grasp_interface_s__rosidl_typesupport_introspection_c.cpython-311-x86_64-linux-gnu.so[0m
[100%] [32m[1mLinking C shared library rosidl_generator_py/compute_grasp_interface/compute_grasp_interface_s__rosidl_typesupport_c.cpython-311-x86_64-linux-gnu.so[0m
[100%] Built target compute_grasp_interface__rosidl_typesupport_fastrtps_c__pyext
[100%] Built target compute_grasp_interface__rosidl_typesupport_introspection_c__pyext
[100%] Built target compute_grasp_interface__rosidl_typesupport_c__pyext
-- Install configuration: ""
-- Installing: /home/wbc/Projects/ros2_grasp_position_compute/install/compute_grasp_interface/share/ament_index/resource_index/rosidl_interfaces/compute_grasp_interface
-- Installing: /home/wbc/Projects/ros2_grasp_position_compute/install/compute_grasp_interface/include/compute_grasp_interface/compute_grasp_interface
-- Installing: /home/wbc/Projects/ros2_grasp_position_compute/install/compute_grasp_interface/include/compute_grasp_interface/compute_grasp_interface/msg
-- Installing: /home/wbc/Projects/ros2_grasp_position_compute/install/compute_grasp_interface/include/compute_grasp_interface/compute_grasp_interface/msg/rosidl_generator_c__visibility_control.h
-- Installing: /home/wbc/Projects/ros2_grasp_position_compute/install/compute_grasp_interface/include/compute_grasp_interface/compute_grasp_interface/srv
-- Installing: /home/wbc/Projects/ros2_grasp_position_compute/install/compute_grasp_interface/include/compute_grasp_interface/compute_grasp_interface/srv/compute_grasp.h
-- Installing: /home/wbc/Projects/ros2_grasp_position_compute/install/compute_grasp_interface/include/compute_grasp_interface/compute_grasp_interface/srv/detail
-- Installing: /home/wbc/Projects/ros2_grasp_position_compute/install/compute_grasp_interface/include/compute_grasp_interface/compute_grasp_interface/srv/detail/compute_grasp__functions.h
-- Installing: /home/wbc/Projects/ros2_grasp_position_compute/install/compute_grasp_interface/include/compute_grasp_interface/compute_grasp_interface/srv/detail/compute_grasp__functions.c
-- Installing: /home/wbc/Projects/ros2_grasp_position_compute/install/compute_grasp_interface/include/compute_grasp_interface/compute_grasp_interface/srv/detail/compute_grasp__struct.h
-- Installing: /home/wbc/Projects/ros2_grasp_position_compute/install/compute_grasp_interface/include/compute_grasp_interface/compute_grasp_interface/srv/detail/compute_grasp__type_support.h
-- Installing: /home/wbc/Projects/ros2_grasp_position_compute/install/compute_grasp_interface/share/compute_grasp_interface/environment/library_path.sh
-- Installing: /home/wbc/Projects/ros2_grasp_position_compute/install/compute_grasp_interface/share/compute_grasp_interface/environment/library_path.dsv
-- Installing: /home/wbc/Projects/ros2_grasp_position_compute/install/compute_grasp_interface/lib/libcompute_grasp_interface__rosidl_generator_c.so
-- Set runtime path of "/home/wbc/Projects/ros2_grasp_position_compute/install/compute_grasp_interface/lib/libcompute_grasp_interface__rosidl_generator_c.so" to ""
-- Up-to-date: /home/wbc/Projects/ros2_grasp_position_compute/install/compute_grasp_interface/include/compute_grasp_interface/compute_grasp_interface
-- Up-to-date: /home/wbc/Projects/ros2_grasp_position_compute/install/compute_grasp_interface/include/compute_grasp_interface/compute_grasp_interface/msg
-- Installing: /home/wbc/Projects/ros2_grasp_position_compute/install/compute_grasp_interface/include/compute_grasp_interface/compute_grasp_interface/msg/rosidl_typesupport_fastrtps_c__visibility_control.h
-- Up-to-date: /home/wbc/Projects/ros2_grasp_position_compute/install/compute_grasp_interface/include/compute_grasp_interface/compute_grasp_interface/srv
-- Up-to-date: /home/wbc/Projects/ros2_grasp_position_compute/install/compute_grasp_interface/include/compute_grasp_interface/compute_grasp_interface/srv/detail
-- Installing: /home/wbc/Projects/ros2_grasp_position_compute/install/compute_grasp_interface/include/compute_grasp_interface/compute_grasp_interface/srv/detail/compute_grasp__rosidl_typesupport_fastrtps_c.h
-- Installing: /home/wbc/Projects/ros2_grasp_position_compute/install/compute_grasp_interface/lib/libcompute_grasp_interface__rosidl_typesupport_fastrtps_c.so
-- Set runtime path of "/home/wbc/Projects/ros2_grasp_position_compute/install/compute_grasp_interface/lib/libcompute_grasp_interface__rosidl_typesupport_fastrtps_c.so" to ""
-- Up-to-date: /home/wbc/Projects/ros2_grasp_position_compute/install/compute_grasp_interface/include/compute_grasp_interface/compute_grasp_interface
-- Up-to-date: /home/wbc/Projects/ros2_grasp_position_compute/install/compute_grasp_interface/include/compute_grasp_interface/compute_grasp_interface/srv
-- Up-to-date: /home/wbc/Projects/ros2_grasp_position_compute/install/compute_grasp_interface/include/compute_grasp_interface/compute_grasp_interface/srv/detail
-- Installing: /home/wbc/Projects/ros2_grasp_position_compute/install/compute_grasp_interface/include/compute_grasp_interface/compute_grasp_interface/srv/detail/compute_grasp__struct.hpp
-- Installing: /home/wbc/Projects/ros2_grasp_position_compute/install/compute_grasp_interface/include/compute_grasp_interface/compute_grasp_interface/srv/detail/compute_grasp__traits.hpp
-- Installing: /home/wbc/Projects/ros2_grasp_position_compute/install/compute_grasp_interface/include/compute_grasp_interface/compute_grasp_interface/srv/detail/compute_grasp__builder.hpp
-- Installing: /home/wbc/Projects/ros2_grasp_position_compute/install/compute_grasp_interface/include/compute_grasp_interface/compute_grasp_interface/srv/compute_grasp.hpp
-- Up-to-date: /home/wbc/Projects/ros2_grasp_position_compute/install/compute_grasp_interface/include/compute_grasp_interface/compute_grasp_interface
-- Up-to-date: /home/wbc/Projects/ros2_grasp_position_compute/install/compute_grasp_interface/include/compute_grasp_interface/compute_grasp_interface/msg
-- Installing: /home/wbc/Projects/ros2_grasp_position_compute/install/compute_grasp_interface/include/compute_grasp_interface/compute_grasp_interface/msg/rosidl_typesupport_fastrtps_cpp__visibility_control.h
-- Up-to-date: /home/wbc/Projects/ros2_grasp_position_compute/install/compute_grasp_interface/include/compute_grasp_interface/compute_grasp_interface/srv
-- Up-to-date: /home/wbc/Projects/ros2_grasp_position_compute/install/compute_grasp_interface/include/compute_grasp_interface/compute_grasp_interface/srv/detail
-- Installing: /home/wbc/Projects/ros2_grasp_position_compute/install/compute_grasp_interface/include/compute_grasp_interface/compute_grasp_interface/srv/detail/dds_fastrtps
-- Installing: /home/wbc/Projects/ros2_grasp_position_compute/install/compute_grasp_interface/include/compute_grasp_interface/compute_grasp_interface/srv/detail/compute_grasp__rosidl_typesupport_fastrtps_cpp.hpp
-- Installing: /home/wbc/Projects/ros2_grasp_position_compute/install/compute_grasp_interface/lib/libcompute_grasp_interface__rosidl_typesupport_fastrtps_cpp.so
-- Set runtime path of "/home/wbc/Projects/ros2_grasp_position_compute/install/compute_grasp_interface/lib/libcompute_grasp_interface__rosidl_typesupport_fastrtps_cpp.so" to ""
-- Up-to-date: /home/wbc/Projects/ros2_grasp_position_compute/install/compute_grasp_interface/include/compute_grasp_interface/compute_grasp_interface
-- Up-to-date: /home/wbc/Projects/ros2_grasp_position_compute/install/compute_grasp_interface/include/compute_grasp_interface/compute_grasp_interface/msg
-- Installing: /home/wbc/Projects/ros2_grasp_position_compute/install/compute_grasp_interface/include/compute_grasp_interface/compute_grasp_interface/msg/rosidl_typesupport_introspection_c__visibility_control.h
-- Up-to-date: /home/wbc/Projects/ros2_grasp_position_compute/install/compute_grasp_interface/include/compute_grasp_interface/compute_grasp_interface/srv
-- Up-to-date: /home/wbc/Projects/ros2_grasp_position_compute/install/compute_grasp_interface/include/compute_grasp_interface/compute_grasp_interface/srv/detail
-- Installing: /home/wbc/Projects/ros2_grasp_position_compute/install/compute_grasp_interface/include/compute_grasp_interface/compute_grasp_interface/srv/detail/compute_grasp__rosidl_typesupport_introspection_c.h
-- Installing: /home/wbc/Projects/ros2_grasp_position_compute/install/compute_grasp_interface/include/compute_grasp_interface/compute_grasp_interface/srv/detail/compute_grasp__type_support.c
-- Installing: /home/wbc/Projects/ros2_grasp_position_compute/install/compute_grasp_interface/lib/libcompute_grasp_interface__rosidl_typesupport_introspection_c.so
-- Set runtime path of "/home/wbc/Projects/ros2_grasp_position_compute/install/compute_grasp_interface/lib/libcompute_grasp_interface__rosidl_typesupport_introspection_c.so" to ""
-- Installing: /home/wbc/Projects/ros2_grasp_position_compute/install/compute_grasp_interface/lib/libcompute_grasp_interface__rosidl_typesupport_c.so
-- Set runtime path of "/home/wbc/Projects/ros2_grasp_position_compute/install/compute_grasp_interface/lib/libcompute_grasp_interface__rosidl_typesupport_c.so" to ""
-- Up-to-date: /home/wbc/Projects/ros2_grasp_position_compute/install/compute_grasp_interface/include/compute_grasp_interface/compute_grasp_interface
-- Up-to-date: /home/wbc/Projects/ros2_grasp_position_compute/install/compute_grasp_interface/include/compute_grasp_interface/compute_grasp_interface/srv
-- Up-to-date: /home/wbc/Projects/ros2_grasp_position_compute/install/compute_grasp_interface/include/compute_grasp_interface/compute_grasp_interface/srv/detail
-- Installing: /home/wbc/Projects/ros2_grasp_position_compute/install/compute_grasp_interface/include/compute_grasp_interface/compute_grasp_interface/srv/detail/compute_grasp__rosidl_typesupport_introspection_cpp.hpp
-- Installing: /home/wbc/Projects/ros2_grasp_position_compute/install/compute_grasp_interface/include/compute_grasp_interface/compute_grasp_interface/srv/detail/compute_grasp__type_support.cpp
-- Installing: /home/wbc/Projects/ros2_grasp_position_compute/install/compute_grasp_interface/lib/libcompute_grasp_interface__rosidl_typesupport_introspection_cpp.so
-- Set runtime path of "/home/wbc/Projects/ros2_grasp_position_compute/install/compute_grasp_interface/lib/libcompute_grasp_interface__rosidl_typesupport_introspection_cpp.so" to ""
-- Installing: /home/wbc/Projects/ros2_grasp_position_compute/install/compute_grasp_interface/lib/libcompute_grasp_interface__rosidl_typesupport_cpp.so
-- Set runtime path of "/home/wbc/Projects/ros2_grasp_position_compute/install/compute_grasp_interface/lib/libcompute_grasp_interface__rosidl_typesupport_cpp.so" to ""
-- Installing: /home/wbc/Projects/ros2_grasp_position_compute/install/compute_grasp_interface/share/compute_grasp_interface/environment/pythonpath.sh
-- Installing: /home/wbc/Projects/ros2_grasp_position_compute/install/compute_grasp_interface/share/compute_grasp_interface/environment/pythonpath.dsv
-- Installing: /home/wbc/Projects/ros2_grasp_position_compute/install/compute_grasp_interface/lib/python3.11/site-packages/compute_grasp_interface-0.0.0-py3.11.egg-info
-- Installing: /home/wbc/Projects/ros2_grasp_position_compute/install/compute_grasp_interface/lib/python3.11/site-packages/compute_grasp_interface-0.0.0-py3.11.egg-info/SOURCES.txt
-- Installing: /home/wbc/Projects/ros2_grasp_position_compute/install/compute_grasp_interface/lib/python3.11/site-packages/compute_grasp_interface-0.0.0-py3.11.egg-info/dependency_links.txt
-- Installing: /home/wbc/Projects/ros2_grasp_position_compute/install/compute_grasp_interface/lib/python3.11/site-packages/compute_grasp_interface-0.0.0-py3.11.egg-info/top_level.txt
-- Installing: /home/wbc/Projects/ros2_grasp_position_compute/install/compute_grasp_interface/lib/python3.11/site-packages/compute_grasp_interface-0.0.0-py3.11.egg-info/PKG-INFO
-- Installing: /home/wbc/Projects/ros2_grasp_position_compute/install/compute_grasp_interface/lib/python3.11/site-packages/compute_grasp_interface
-- Installing: /home/wbc/Projects/ros2_grasp_position_compute/install/compute_grasp_interface/lib/python3.11/site-packages/compute_grasp_interface/_compute_grasp_interface_s.ep.rosidl_typesupport_c.c
-- Installing: /home/wbc/Projects/ros2_grasp_position_compute/install/compute_grasp_interface/lib/python3.11/site-packages/compute_grasp_interface/_compute_grasp_interface_s.ep.rosidl_typesupport_fastrtps_c.c
-- Installing: /home/wbc/Projects/ros2_grasp_position_compute/install/compute_grasp_interface/lib/python3.11/site-packages/compute_grasp_interface/__init__.py
-- Installing: /home/wbc/Projects/ros2_grasp_position_compute/install/compute_grasp_interface/lib/python3.11/site-packages/compute_grasp_interface/compute_grasp_interface_s__rosidl_typesupport_fastrtps_c.cpython-311-x86_64-linux-gnu.so
-- Installing: /home/wbc/Projects/ros2_grasp_position_compute/install/compute_grasp_interface/lib/python3.11/site-packages/compute_grasp_interface/libcompute_grasp_interface__rosidl_generator_py.so
-- Installing: /home/wbc/Projects/ros2_grasp_position_compute/install/compute_grasp_interface/lib/python3.11/site-packages/compute_grasp_interface/srv
-- Installing: /home/wbc/Projects/ros2_grasp_position_compute/install/compute_grasp_interface/lib/python3.11/site-packages/compute_grasp_interface/srv/_compute_grasp.py
-- Installing: /home/wbc/Projects/ros2_grasp_position_compute/install/compute_grasp_interface/lib/python3.11/site-packages/compute_grasp_interface/srv/__init__.py
-- Installing: /home/wbc/Projects/ros2_grasp_position_compute/install/compute_grasp_interface/lib/python3.11/site-packages/compute_grasp_interface/srv/_compute_grasp_s.c
-- Installing: /home/wbc/Projects/ros2_grasp_position_compute/install/compute_grasp_interface/lib/python3.11/site-packages/compute_grasp_interface/_compute_grasp_interface_s.ep.rosidl_typesupport_introspection_c.c
-- Installing: /home/wbc/Projects/ros2_grasp_position_compute/install/compute_grasp_interface/lib/python3.11/site-packages/compute_grasp_interface/compute_grasp_interface_s__rosidl_typesupport_c.cpython-311-x86_64-linux-gnu.so
-- Installing: /home/wbc/Projects/ros2_grasp_position_compute/install/compute_grasp_interface/lib/python3.11/site-packages/compute_grasp_interface/compute_grasp_interface_s__rosidl_typesupport_introspection_c.cpython-311-x86_64-linux-gnu.so
Listing '/home/wbc/Projects/ros2_grasp_position_compute/install/compute_grasp_interface/lib/python3.11/site-packages/compute_grasp_interface'...
Compiling '/home/wbc/Projects/ros2_grasp_position_compute/install/compute_grasp_interface/lib/python3.11/site-packages/compute_grasp_interface/__init__.py'...
Listing '/home/wbc/Projects/ros2_grasp_position_compute/install/compute_grasp_interface/lib/python3.11/site-packages/compute_grasp_interface/srv'...
Compiling '/home/wbc/Projects/ros2_grasp_position_compute/install/compute_grasp_interface/lib/python3.11/site-packages/compute_grasp_interface/srv/__init__.py'...
Compiling '/home/wbc/Projects/ros2_grasp_position_compute/install/compute_grasp_interface/lib/python3.11/site-packages/compute_grasp_interface/srv/_compute_grasp.py'...
-- Installing: /home/wbc/Projects/ros2_grasp_position_compute/install/compute_grasp_interface/lib/python3.11/site-packages/compute_grasp_interface/compute_grasp_interface_s__rosidl_typesupport_fastrtps_c.cpython-311-x86_64-linux-gnu.so
-- Set runtime path of "/home/wbc/Projects/ros2_grasp_position_compute/install/compute_grasp_interface/lib/python3.11/site-packages/compute_grasp_interface/compute_grasp_interface_s__rosidl_typesupport_fastrtps_c.cpython-311-x86_64-linux-gnu.so" to ""
-- Installing: /home/wbc/Projects/ros2_grasp_position_compute/install/compute_grasp_interface/lib/python3.11/site-packages/compute_grasp_interface/compute_grasp_interface_s__rosidl_typesupport_introspection_c.cpython-311-x86_64-linux-gnu.so
-- Set runtime path of "/home/wbc/Projects/ros2_grasp_position_compute/install/compute_grasp_interface/lib/python3.11/site-packages/compute_grasp_interface/compute_grasp_interface_s__rosidl_typesupport_introspection_c.cpython-311-x86_64-linux-gnu.so" to ""
-- Installing: /home/wbc/Projects/ros2_grasp_position_compute/install/compute_grasp_interface/lib/python3.11/site-packages/compute_grasp_interface/compute_grasp_interface_s__rosidl_typesupport_c.cpython-311-x86_64-linux-gnu.so
-- Set runtime path of "/home/wbc/Projects/ros2_grasp_position_compute/install/compute_grasp_interface/lib/python3.11/site-packages/compute_grasp_interface/compute_grasp_interface_s__rosidl_typesupport_c.cpython-311-x86_64-linux-gnu.so" to ""
-- Installing: /home/wbc/Projects/ros2_grasp_position_compute/install/compute_grasp_interface/lib/libcompute_grasp_interface__rosidl_generator_py.so
-- Set runtime path of "/home/wbc/Projects/ros2_grasp_position_compute/install/compute_grasp_interface/lib/libcompute_grasp_interface__rosidl_generator_py.so" to ""
-- Installing: /home/wbc/Projects/ros2_grasp_position_compute/install/compute_grasp_interface/share/compute_grasp_interface/srv/ComputeGrasp.idl
-- Installing: /home/wbc/Projects/ros2_grasp_position_compute/install/compute_grasp_interface/share/compute_grasp_interface/srv/ComputeGrasp.srv
-- Installing: /home/wbc/Projects/ros2_grasp_position_compute/install/compute_grasp_interface/share/compute_grasp_interface/srv/ComputeGrasp_Request.msg
-- Installing: /home/wbc/Projects/ros2_grasp_position_compute/install/compute_grasp_interface/share/compute_grasp_interface/srv/ComputeGrasp_Response.msg
-- Installing: /home/wbc/Projects/ros2_grasp_position_compute/install/compute_grasp_interface/share/ament_index/resource_index/package_run_dependencies/compute_grasp_interface
-- Installing: /home/wbc/Projects/ros2_grasp_position_compute/install/compute_grasp_interface/share/ament_index/resource_index/parent_prefix_path/compute_grasp_interface
-- Installing: /home/wbc/Projects/ros2_grasp_position_compute/install/compute_grasp_interface/share/compute_grasp_interface/environment/ament_prefix_path.sh
-- Installing: /home/wbc/Projects/ros2_grasp_position_compute/install/compute_grasp_interface/share/compute_grasp_interface/environment/ament_prefix_path.dsv
-- Installing: /home/wbc/Projects/ros2_grasp_position_compute/install/compute_grasp_interface/share/compute_grasp_interface/environment/path.sh
-- Installing: /home/wbc/Projects/ros2_grasp_position_compute/install/compute_grasp_interface/share/compute_grasp_interface/environment/path.dsv
-- Installing: /home/wbc/Projects/ros2_grasp_position_compute/install/compute_grasp_interface/share/compute_grasp_interface/local_setup.bash
-- Installing: /home/wbc/Projects/ros2_grasp_position_compute/install/compute_grasp_interface/share/compute_grasp_interface/local_setup.sh
-- Installing: /home/wbc/Projects/ros2_grasp_position_compute/install/compute_grasp_interface/share/compute_grasp_interface/local_setup.zsh
-- Installing: /home/wbc/Projects/ros2_grasp_position_compute/install/compute_grasp_interface/share/compute_grasp_interface/local_setup.dsv
-- Installing: /home/wbc/Projects/ros2_grasp_position_compute/install/compute_grasp_interface/share/compute_grasp_interface/package.dsv
-- Installing: /home/wbc/Projects/ros2_grasp_position_compute/install/compute_grasp_interface/share/ament_index/resource_index/packages/compute_grasp_interface
-- Installing: /home/wbc/Projects/ros2_grasp_position_compute/install/compute_grasp_interface/share/compute_grasp_interface/cmake/export_compute_grasp_interface__rosidl_generator_cExport.cmake
-- Installing: /home/wbc/Projects/ros2_grasp_position_compute/install/compute_grasp_interface/share/compute_grasp_interface/cmake/export_compute_grasp_interface__rosidl_generator_cExport-noconfig.cmake
-- Installing: /home/wbc/Projects/ros2_grasp_position_compute/install/compute_grasp_interface/share/compute_grasp_interface/cmake/export_compute_grasp_interface__rosidl_typesupport_fastrtps_cExport.cmake
-- Installing: /home/wbc/Projects/ros2_grasp_position_compute/install/compute_grasp_interface/share/compute_grasp_interface/cmake/export_compute_grasp_interface__rosidl_typesupport_fastrtps_cExport-noconfig.cmake
-- Installing: /home/wbc/Projects/ros2_grasp_position_compute/install/compute_grasp_interface/share/compute_grasp_interface/cmake/export_compute_grasp_interface__rosidl_generator_cppExport.cmake
-- Installing: /home/wbc/Projects/ros2_grasp_position_compute/install/compute_grasp_interface/share/compute_grasp_interface/cmake/export_compute_grasp_interface__rosidl_typesupport_fastrtps_cppExport.cmake
-- Installing: /home/wbc/Projects/ros2_grasp_position_compute/install/compute_grasp_interface/share/compute_grasp_interface/cmake/export_compute_grasp_interface__rosidl_typesupport_fastrtps_cppExport-noconfig.cmake
-- Installing: /home/wbc/Projects/ros2_grasp_position_compute/install/compute_grasp_interface/share/compute_grasp_interface/cmake/compute_grasp_interface__rosidl_typesupport_introspection_cExport.cmake
-- Installing: /home/wbc/Projects/ros2_grasp_position_compute/install/compute_grasp_interface/share/compute_grasp_interface/cmake/compute_grasp_interface__rosidl_typesupport_introspection_cExport-noconfig.cmake
-- Installing: /home/wbc/Projects/ros2_grasp_position_compute/install/compute_grasp_interface/share/compute_grasp_interface/cmake/compute_grasp_interface__rosidl_typesupport_cExport.cmake
-- Installing: /home/wbc/Projects/ros2_grasp_position_compute/install/compute_grasp_interface/share/compute_grasp_interface/cmake/compute_grasp_interface__rosidl_typesupport_cExport-noconfig.cmake
-- Installing: /home/wbc/Projects/ros2_grasp_position_compute/install/compute_grasp_interface/share/compute_grasp_interface/cmake/compute_grasp_interface__rosidl_typesupport_introspection_cppExport.cmake
-- Installing: /home/wbc/Projects/ros2_grasp_position_compute/install/compute_grasp_interface/share/compute_grasp_interface/cmake/compute_grasp_interface__rosidl_typesupport_introspection_cppExport-noconfig.cmake
-- Installing: /home/wbc/Projects/ros2_grasp_position_compute/install/compute_grasp_interface/share/compute_grasp_interface/cmake/compute_grasp_interface__rosidl_typesupport_cppExport.cmake
-- Installing: /home/wbc/Projects/ros2_grasp_position_compute/install/compute_grasp_interface/share/compute_grasp_interface/cmake/compute_grasp_interface__rosidl_typesupport_cppExport-noconfig.cmake
-- Installing: /home/wbc/Projects/ros2_grasp_position_compute/install/compute_grasp_interface/share/compute_grasp_interface/cmake/export_compute_grasp_interface__rosidl_generator_pyExport.cmake
-- Installing: /home/wbc/Projects/ros2_grasp_position_compute/install/compute_grasp_interface/share/compute_grasp_interface/cmake/export_compute_grasp_interface__rosidl_generator_pyExport-noconfig.cmake
-- Installing: /home/wbc/Projects/ros2_grasp_position_compute/install/compute_grasp_interface/share/compute_grasp_interface/cmake/rosidl_cmake-extras.cmake
-- Installing: /home/wbc/Projects/ros2_grasp_position_compute/install/compute_grasp_interface/share/compute_grasp_interface/cmake/ament_cmake_export_dependencies-extras.cmake
-- Installing: /home/wbc/Projects/ros2_grasp_position_compute/install/compute_grasp_interface/share/compute_grasp_interface/cmake/ament_cmake_export_include_directories-extras.cmake
-- Installing: /home/wbc/Projects/ros2_grasp_position_compute/install/compute_grasp_interface/share/compute_grasp_interface/cmake/ament_cmake_export_libraries-extras.cmake
-- Installing: /home/wbc/Projects/ros2_grasp_position_compute/install/compute_grasp_interface/share/compute_grasp_interface/cmake/ament_cmake_export_targets-extras.cmake
-- Installing: /home/wbc/Projects/ros2_grasp_position_compute/install/compute_grasp_interface/share/compute_grasp_interface/cmake/rosidl_cmake_export_typesupport_targets-extras.cmake
-- Installing: /home/wbc/Projects/ros2_grasp_position_compute/install/compute_grasp_interface/share/compute_grasp_interface/cmake/rosidl_cmake_export_typesupport_libraries-extras.cmake
-- Installing: /home/wbc/Projects/ros2_grasp_position_compute/install/compute_grasp_interface/share/compute_grasp_interface/cmake/compute_grasp_interfaceConfig.cmake
-- Installing: /home/wbc/Projects/ros2_grasp_position_compute/install/compute_grasp_interface/share/compute_grasp_interface/cmake/compute_grasp_interfaceConfig-version.cmake
-- Installing: /home/wbc/Projects/ros2_grasp_position_compute/install/compute_grasp_interface/share/compute_grasp_interface/package.xml
