[0.008s] Invoking command in '/home/wbc/Projects/ros2_grasp_position_compute/build/compute_grasp_interface': CMAKE_PREFIX_PATH=/opt/ros/humble CONDA_PROMPT_MODIFIER=(base) /usr/bin/cmake /home/wbc/Projects/ros2_grasp_position_compute/src/compute_grasp_interface -DCMAKE_INSTALL_PREFIX=/home/wbc/Projects/ros2_grasp_position_compute/install/compute_grasp_interface
[0.068s] -- The C compiler identification is GNU 11.4.0
[0.109s] -- The CXX compiler identification is GNU 11.4.0
[0.116s] -- Detecting C compiler ABI info
[0.159s] -- Detecting C compiler ABI info - done
[0.165s] -- Check for working C compiler: /usr/bin/cc - skipped
[0.165s] -- Detecting C compile features
[0.166s] -- Detecting C compile features - done
[0.168s] -- Detecting CXX compiler ABI info
[0.213s] -- Detecting CXX compiler ABI info - done
[0.216s] -- Check for working CXX compiler: /usr/bin/c++ - skipped
[0.216s] -- Detecting CXX compile features
[0.216s] -- Detecting CXX compile features - done
[0.219s] -- Found ament_cmake: 1.3.8 (/opt/ros/humble/share/ament_cmake/cmake)
[0.404s] -- Found Python3: /home/wbc/software/anaconda3/bin/python3 (found version "3.11.5") found components: Interpreter 
[0.467s] -- Found geometry_msgs: 4.2.3 (/opt/ros/humble/share/geometry_msgs/cmake)
[0.494s] -- Found rosidl_generator_c: 3.1.5 (/opt/ros/humble/share/rosidl_generator_c/cmake)
[0.497s] -- Found rosidl_adapter: 3.1.5 (/opt/ros/humble/share/rosidl_adapter/cmake)
[0.504s] -- Found rosidl_generator_cpp: 3.1.5 (/opt/ros/humble/share/rosidl_generator_cpp/cmake)
[0.514s] -- Using all available rosidl_typesupport_c: rosidl_typesupport_fastrtps_c;rosidl_typesupport_introspection_c
[0.526s] -- Using all available rosidl_typesupport_cpp: rosidl_typesupport_fastrtps_cpp;rosidl_typesupport_introspection_cpp
[0.590s] -- Found rosidl_default_generators: 1.2.0 (/opt/ros/humble/share/rosidl_default_generators/cmake)
[0.596s] -- Found ament_lint_auto: 0.12.10 (/opt/ros/humble/share/ament_lint_auto/cmake)
[0.777s] -- Found ament_cmake_ros: 0.10.0 (/opt/ros/humble/share/ament_cmake_ros/cmake)
[1.000s] -- Using all available rosidl_typesupport_c: rosidl_typesupport_fastrtps_c;rosidl_typesupport_introspection_c
[1.089s] -- Using all available rosidl_typesupport_cpp: rosidl_typesupport_fastrtps_cpp;rosidl_typesupport_introspection_cpp
[1.102s] -- Found PythonInterp: /home/wbc/software/anaconda3/bin/python3 (found suitable version "3.11.5", minimum required is "3.6") 
[1.103s] -- Found python_cmake_module: 0.10.0 (/opt/ros/humble/share/python_cmake_module/cmake)
[1.122s] -- Found PythonLibs: /home/wbc/software/anaconda3/lib/libpython3.11.so (found suitable version "3.11.5", minimum required is "3.5") 
[1.122s] -- Using PYTHON_EXECUTABLE: /home/wbc/software/anaconda3/bin/python3
[1.122s] -- Using PYTHON_INCLUDE_DIRS: /home/wbc/software/anaconda3/include/python3.11
[1.122s] -- Using PYTHON_LIBRARIES: /home/wbc/software/anaconda3/lib/libpython3.11.so
[1.134s] -- Found PythonExtra: .so  
[1.303s] -- Using numpy include directory: /home/wbc/software/anaconda3/lib/python3.11/site-packages/numpy/core/include
[1.310s] -- Added test 'lint_cmake' to check CMake code style
[1.311s] -- Added test 'xmllint' to check XML markup files
[1.315s] -- Configuring done
[1.330s] -- Generating done
[1.331s] -- Build files have been written to: /home/wbc/Projects/ros2_grasp_position_compute/build/compute_grasp_interface
[1.337s] Invoked command in '/home/wbc/Projects/ros2_grasp_position_compute/build/compute_grasp_interface' returned '0': CMAKE_PREFIX_PATH=/opt/ros/humble CONDA_PROMPT_MODIFIER=(base) /usr/bin/cmake /home/wbc/Projects/ros2_grasp_position_compute/src/compute_grasp_interface -DCMAKE_INSTALL_PREFIX=/home/wbc/Projects/ros2_grasp_position_compute/install/compute_grasp_interface
[1.338s] Invoking command in '/home/wbc/Projects/ros2_grasp_position_compute/build/compute_grasp_interface': CMAKE_PREFIX_PATH=/opt/ros/humble CONDA_PROMPT_MODIFIER=(base) /usr/bin/cmake --build /home/wbc/Projects/ros2_grasp_position_compute/build/compute_grasp_interface -- -j24 -l24
[1.360s] [  3%] [34m[1mGenerating C code for ROS interfaces[0m
[1.364s] [  6%] [34m[1mGenerating C++ code for ROS interfaces[0m
[1.369s] [  6%] Built target ament_cmake_python_copy_compute_grasp_interface
[1.463s] running egg_info
[1.463s] creating compute_grasp_interface.egg-info
[1.471s] writing compute_grasp_interface.egg-info/PKG-INFO
[1.471s] writing dependency_links to compute_grasp_interface.egg-info/dependency_links.txt
[1.471s] writing top-level names to compute_grasp_interface.egg-info/top_level.txt
[1.471s] writing manifest file 'compute_grasp_interface.egg-info/SOURCES.txt'
[1.479s] [  6%] Built target compute_grasp_interface__cpp
[1.486s] [  9%] [34m[1mGenerating C++ type support dispatch for ROS interfaces[0m
[1.486s] [ 12%] [34m[1mGenerating C++ type support for eProsima Fast-RTPS[0m
[1.486s] [ 16%] [34m[1mGenerating C++ introspection for ROS interfaces[0m
[1.492s] reading manifest file 'compute_grasp_interface.egg-info/SOURCES.txt'
[1.492s] writing manifest file 'compute_grasp_interface.egg-info/SOURCES.txt'
[1.492s] [ 19%] [32mBuilding C object CMakeFiles/compute_grasp_interface__rosidl_generator_c.dir/rosidl_generator_c/compute_grasp_interface/srv/detail/compute_grasp__functions.c.o[0m
[1.507s] [ 19%] Built target ament_cmake_python_build_compute_grasp_interface_egg
[1.529s] [ 22%] [32m[1mLinking C shared library libcompute_grasp_interface__rosidl_generator_c.so[0m
[1.552s] [ 22%] Built target compute_grasp_interface__rosidl_generator_c
[1.557s] [ 25%] [34m[1mGenerating C introspection for ROS interfaces[0m
[1.558s] [ 29%] [34m[1mGenerating C type support for eProsima Fast-RTPS[0m
[1.558s] [ 32%] [34m[1mGenerating C type support dispatch for ROS interfaces[0m
[1.589s] [ 35%] [32mBuilding CXX object CMakeFiles/compute_grasp_interface__rosidl_typesupport_cpp.dir/rosidl_typesupport_cpp/compute_grasp_interface/srv/compute_grasp__type_support.cpp.o[0m
[1.598s] [ 38%] [32mBuilding CXX object CMakeFiles/compute_grasp_interface__rosidl_typesupport_introspection_cpp.dir/rosidl_typesupport_introspection_cpp/compute_grasp_interface/srv/detail/compute_grasp__type_support.cpp.o[0m
[1.599s] [ 41%] [32mBuilding CXX object CMakeFiles/compute_grasp_interface__rosidl_typesupport_fastrtps_cpp.dir/rosidl_typesupport_fastrtps_cpp/compute_grasp_interface/srv/detail/dds_fastrtps/compute_grasp__type_support.cpp.o[0m
[1.665s] [ 45%] [32mBuilding CXX object CMakeFiles/compute_grasp_interface__rosidl_typesupport_c.dir/rosidl_typesupport_c/compute_grasp_interface/srv/compute_grasp__type_support.cpp.o[0m
[1.675s] [ 48%] [32mBuilding CXX object CMakeFiles/compute_grasp_interface__rosidl_typesupport_fastrtps_c.dir/rosidl_typesupport_fastrtps_c/compute_grasp_interface/srv/detail/compute_grasp__type_support_c.cpp.o[0m
[1.677s] [ 51%] [32mBuilding C object CMakeFiles/compute_grasp_interface__rosidl_typesupport_introspection_c.dir/rosidl_typesupport_introspection_c/compute_grasp_interface/srv/detail/compute_grasp__type_support.c.o[0m
[1.688s] [ 54%] [32m[1mLinking CXX shared library libcompute_grasp_interface__rosidl_typesupport_c.so[0m
[1.698s] [ 58%] [32m[1mLinking C shared library libcompute_grasp_interface__rosidl_typesupport_introspection_c.so[0m
[1.716s] [ 58%] Built target compute_grasp_interface__rosidl_typesupport_c
[1.718s] [ 61%] [32m[1mLinking CXX shared library libcompute_grasp_interface__rosidl_typesupport_cpp.so[0m
[1.719s] [ 61%] Built target compute_grasp_interface__rosidl_typesupport_introspection_c
[1.745s] [ 61%] Built target compute_grasp_interface__rosidl_typesupport_cpp
[1.771s] [ 64%] [32m[1mLinking CXX shared library libcompute_grasp_interface__rosidl_typesupport_introspection_cpp.so[0m
[1.778s] [ 67%] [32m[1mLinking CXX shared library libcompute_grasp_interface__rosidl_typesupport_fastrtps_cpp.so[0m
[1.812s] [ 67%] Built target compute_grasp_interface__rosidl_typesupport_introspection_cpp
[1.818s] [ 70%] [32m[1mLinking CXX shared library libcompute_grasp_interface__rosidl_typesupport_fastrtps_c.so[0m
[1.820s] [ 70%] Built target compute_grasp_interface__rosidl_typesupport_fastrtps_cpp
[1.860s] [ 70%] Built target compute_grasp_interface__rosidl_typesupport_fastrtps_c
[1.871s] [ 70%] Built target compute_grasp_interface
[1.882s] [ 74%] [34m[1mGenerating Python code for ROS interfaces[0m
[2.019s] [ 74%] Built target compute_grasp_interface__py
[2.031s] [ 77%] [32mBuilding C object CMakeFiles/compute_grasp_interface__rosidl_generator_py.dir/rosidl_generator_py/compute_grasp_interface/srv/_compute_grasp_s.c.o[0m
[2.097s] [ 80%] [32m[1mLinking C shared library rosidl_generator_py/compute_grasp_interface/libcompute_grasp_interface__rosidl_generator_py.so[0m
[2.126s] [ 80%] Built target compute_grasp_interface__rosidl_generator_py
[2.137s] [ 83%] [32mBuilding C object CMakeFiles/compute_grasp_interface__rosidl_typesupport_fastrtps_c__pyext.dir/rosidl_generator_py/compute_grasp_interface/_compute_grasp_interface_s.ep.rosidl_typesupport_fastrtps_c.c.o[0m
[2.138s] [ 87%] [32mBuilding C object CMakeFiles/compute_grasp_interface__rosidl_typesupport_c__pyext.dir/rosidl_generator_py/compute_grasp_interface/_compute_grasp_interface_s.ep.rosidl_typesupport_c.c.o[0m
[2.138s] [ 90%] [32mBuilding C object CMakeFiles/compute_grasp_interface__rosidl_typesupport_introspection_c__pyext.dir/rosidl_generator_py/compute_grasp_interface/_compute_grasp_interface_s.ep.rosidl_typesupport_introspection_c.c.o[0m
[2.186s] [ 93%] [32m[1mLinking C shared library rosidl_generator_py/compute_grasp_interface/compute_grasp_interface_s__rosidl_typesupport_fastrtps_c.cpython-311-x86_64-linux-gnu.so[0m
[2.188s] [ 96%] [32m[1mLinking C shared library rosidl_generator_py/compute_grasp_interface/compute_grasp_interface_s__rosidl_typesupport_introspection_c.cpython-311-x86_64-linux-gnu.so[0m
[2.189s] [100%] [32m[1mLinking C shared library rosidl_generator_py/compute_grasp_interface/compute_grasp_interface_s__rosidl_typesupport_c.cpython-311-x86_64-linux-gnu.so[0m
[2.208s] [100%] Built target compute_grasp_interface__rosidl_typesupport_fastrtps_c__pyext
[2.212s] [100%] Built target compute_grasp_interface__rosidl_typesupport_introspection_c__pyext
[2.212s] [100%] Built target compute_grasp_interface__rosidl_typesupport_c__pyext
[2.219s] Invoked command in '/home/wbc/Projects/ros2_grasp_position_compute/build/compute_grasp_interface' returned '0': CMAKE_PREFIX_PATH=/opt/ros/humble CONDA_PROMPT_MODIFIER=(base) /usr/bin/cmake --build /home/wbc/Projects/ros2_grasp_position_compute/build/compute_grasp_interface -- -j24 -l24
[2.255s] Invoking command in '/home/wbc/Projects/ros2_grasp_position_compute/build/compute_grasp_interface': CMAKE_PREFIX_PATH=/opt/ros/humble CONDA_PROMPT_MODIFIER=(base) /usr/bin/cmake --install /home/wbc/Projects/ros2_grasp_position_compute/build/compute_grasp_interface
[2.259s] -- Install configuration: ""
[2.259s] -- Installing: /home/wbc/Projects/ros2_grasp_position_compute/install/compute_grasp_interface/share/ament_index/resource_index/rosidl_interfaces/compute_grasp_interface
[2.259s] -- Installing: /home/wbc/Projects/ros2_grasp_position_compute/install/compute_grasp_interface/include/compute_grasp_interface/compute_grasp_interface
[2.259s] -- Installing: /home/wbc/Projects/ros2_grasp_position_compute/install/compute_grasp_interface/include/compute_grasp_interface/compute_grasp_interface/msg
[2.259s] -- Installing: /home/wbc/Projects/ros2_grasp_position_compute/install/compute_grasp_interface/include/compute_grasp_interface/compute_grasp_interface/msg/rosidl_generator_c__visibility_control.h
[2.259s] -- Installing: /home/wbc/Projects/ros2_grasp_position_compute/install/compute_grasp_interface/include/compute_grasp_interface/compute_grasp_interface/srv
[2.259s] -- Installing: /home/wbc/Projects/ros2_grasp_position_compute/install/compute_grasp_interface/include/compute_grasp_interface/compute_grasp_interface/srv/compute_grasp.h
[2.259s] -- Installing: /home/wbc/Projects/ros2_grasp_position_compute/install/compute_grasp_interface/include/compute_grasp_interface/compute_grasp_interface/srv/detail
[2.259s] -- Installing: /home/wbc/Projects/ros2_grasp_position_compute/install/compute_grasp_interface/include/compute_grasp_interface/compute_grasp_interface/srv/detail/compute_grasp__functions.h
[2.259s] -- Installing: /home/wbc/Projects/ros2_grasp_position_compute/install/compute_grasp_interface/include/compute_grasp_interface/compute_grasp_interface/srv/detail/compute_grasp__functions.c
[2.259s] -- Installing: /home/wbc/Projects/ros2_grasp_position_compute/install/compute_grasp_interface/include/compute_grasp_interface/compute_grasp_interface/srv/detail/compute_grasp__struct.h
[2.259s] -- Installing: /home/wbc/Projects/ros2_grasp_position_compute/install/compute_grasp_interface/include/compute_grasp_interface/compute_grasp_interface/srv/detail/compute_grasp__type_support.h
[2.259s] -- Installing: /home/wbc/Projects/ros2_grasp_position_compute/install/compute_grasp_interface/share/compute_grasp_interface/environment/library_path.sh
[2.259s] -- Installing: /home/wbc/Projects/ros2_grasp_position_compute/install/compute_grasp_interface/share/compute_grasp_interface/environment/library_path.dsv
[2.259s] -- Installing: /home/wbc/Projects/ros2_grasp_position_compute/install/compute_grasp_interface/lib/libcompute_grasp_interface__rosidl_generator_c.so
[2.259s] -- Set runtime path of "/home/wbc/Projects/ros2_grasp_position_compute/install/compute_grasp_interface/lib/libcompute_grasp_interface__rosidl_generator_c.so" to ""
[2.259s] -- Up-to-date: /home/wbc/Projects/ros2_grasp_position_compute/install/compute_grasp_interface/include/compute_grasp_interface/compute_grasp_interface
[2.259s] -- Up-to-date: /home/wbc/Projects/ros2_grasp_position_compute/install/compute_grasp_interface/include/compute_grasp_interface/compute_grasp_interface/msg
[2.259s] -- Installing: /home/wbc/Projects/ros2_grasp_position_compute/install/compute_grasp_interface/include/compute_grasp_interface/compute_grasp_interface/msg/rosidl_typesupport_fastrtps_c__visibility_control.h
[2.259s] -- Up-to-date: /home/wbc/Projects/ros2_grasp_position_compute/install/compute_grasp_interface/include/compute_grasp_interface/compute_grasp_interface/srv
[2.259s] -- Up-to-date: /home/wbc/Projects/ros2_grasp_position_compute/install/compute_grasp_interface/include/compute_grasp_interface/compute_grasp_interface/srv/detail
[2.259s] -- Installing: /home/wbc/Projects/ros2_grasp_position_compute/install/compute_grasp_interface/include/compute_grasp_interface/compute_grasp_interface/srv/detail/compute_grasp__rosidl_typesupport_fastrtps_c.h
[2.259s] -- Installing: /home/wbc/Projects/ros2_grasp_position_compute/install/compute_grasp_interface/lib/libcompute_grasp_interface__rosidl_typesupport_fastrtps_c.so
[2.259s] -- Set runtime path of "/home/wbc/Projects/ros2_grasp_position_compute/install/compute_grasp_interface/lib/libcompute_grasp_interface__rosidl_typesupport_fastrtps_c.so" to ""
[2.259s] -- Up-to-date: /home/wbc/Projects/ros2_grasp_position_compute/install/compute_grasp_interface/include/compute_grasp_interface/compute_grasp_interface
[2.259s] -- Up-to-date: /home/wbc/Projects/ros2_grasp_position_compute/install/compute_grasp_interface/include/compute_grasp_interface/compute_grasp_interface/srv
[2.260s] -- Up-to-date: /home/wbc/Projects/ros2_grasp_position_compute/install/compute_grasp_interface/include/compute_grasp_interface/compute_grasp_interface/srv/detail
[2.260s] -- Installing: /home/wbc/Projects/ros2_grasp_position_compute/install/compute_grasp_interface/include/compute_grasp_interface/compute_grasp_interface/srv/detail/compute_grasp__struct.hpp
[2.260s] -- Installing: /home/wbc/Projects/ros2_grasp_position_compute/install/compute_grasp_interface/include/compute_grasp_interface/compute_grasp_interface/srv/detail/compute_grasp__traits.hpp
[2.260s] -- Installing: /home/wbc/Projects/ros2_grasp_position_compute/install/compute_grasp_interface/include/compute_grasp_interface/compute_grasp_interface/srv/detail/compute_grasp__builder.hpp
[2.260s] -- Installing: /home/wbc/Projects/ros2_grasp_position_compute/install/compute_grasp_interface/include/compute_grasp_interface/compute_grasp_interface/srv/compute_grasp.hpp
[2.260s] -- Up-to-date: /home/wbc/Projects/ros2_grasp_position_compute/install/compute_grasp_interface/include/compute_grasp_interface/compute_grasp_interface
[2.260s] -- Up-to-date: /home/wbc/Projects/ros2_grasp_position_compute/install/compute_grasp_interface/include/compute_grasp_interface/compute_grasp_interface/msg
[2.260s] -- Installing: /home/wbc/Projects/ros2_grasp_position_compute/install/compute_grasp_interface/include/compute_grasp_interface/compute_grasp_interface/msg/rosidl_typesupport_fastrtps_cpp__visibility_control.h
[2.260s] -- Up-to-date: /home/wbc/Projects/ros2_grasp_position_compute/install/compute_grasp_interface/include/compute_grasp_interface/compute_grasp_interface/srv
[2.260s] -- Up-to-date: /home/wbc/Projects/ros2_grasp_position_compute/install/compute_grasp_interface/include/compute_grasp_interface/compute_grasp_interface/srv/detail
[2.260s] -- Installing: /home/wbc/Projects/ros2_grasp_position_compute/install/compute_grasp_interface/include/compute_grasp_interface/compute_grasp_interface/srv/detail/dds_fastrtps
[2.260s] -- Installing: /home/wbc/Projects/ros2_grasp_position_compute/install/compute_grasp_interface/include/compute_grasp_interface/compute_grasp_interface/srv/detail/compute_grasp__rosidl_typesupport_fastrtps_cpp.hpp
[2.260s] -- Installing: /home/wbc/Projects/ros2_grasp_position_compute/install/compute_grasp_interface/lib/libcompute_grasp_interface__rosidl_typesupport_fastrtps_cpp.so
[2.260s] -- Set runtime path of "/home/wbc/Projects/ros2_grasp_position_compute/install/compute_grasp_interface/lib/libcompute_grasp_interface__rosidl_typesupport_fastrtps_cpp.so" to ""
[2.260s] -- Up-to-date: /home/wbc/Projects/ros2_grasp_position_compute/install/compute_grasp_interface/include/compute_grasp_interface/compute_grasp_interface
[2.260s] -- Up-to-date: /home/wbc/Projects/ros2_grasp_position_compute/install/compute_grasp_interface/include/compute_grasp_interface/compute_grasp_interface/msg
[2.260s] -- Installing: /home/wbc/Projects/ros2_grasp_position_compute/install/compute_grasp_interface/include/compute_grasp_interface/compute_grasp_interface/msg/rosidl_typesupport_introspection_c__visibility_control.h
[2.260s] -- Up-to-date: /home/wbc/Projects/ros2_grasp_position_compute/install/compute_grasp_interface/include/compute_grasp_interface/compute_grasp_interface/srv
[2.260s] -- Up-to-date: /home/wbc/Projects/ros2_grasp_position_compute/install/compute_grasp_interface/include/compute_grasp_interface/compute_grasp_interface/srv/detail
[2.260s] -- Installing: /home/wbc/Projects/ros2_grasp_position_compute/install/compute_grasp_interface/include/compute_grasp_interface/compute_grasp_interface/srv/detail/compute_grasp__rosidl_typesupport_introspection_c.h
[2.260s] -- Installing: /home/wbc/Projects/ros2_grasp_position_compute/install/compute_grasp_interface/include/compute_grasp_interface/compute_grasp_interface/srv/detail/compute_grasp__type_support.c
[2.260s] -- Installing: /home/wbc/Projects/ros2_grasp_position_compute/install/compute_grasp_interface/lib/libcompute_grasp_interface__rosidl_typesupport_introspection_c.so
[2.260s] -- Set runtime path of "/home/wbc/Projects/ros2_grasp_position_compute/install/compute_grasp_interface/lib/libcompute_grasp_interface__rosidl_typesupport_introspection_c.so" to ""
[2.260s] -- Installing: /home/wbc/Projects/ros2_grasp_position_compute/install/compute_grasp_interface/lib/libcompute_grasp_interface__rosidl_typesupport_c.so
[2.260s] -- Set runtime path of "/home/wbc/Projects/ros2_grasp_position_compute/install/compute_grasp_interface/lib/libcompute_grasp_interface__rosidl_typesupport_c.so" to ""
[2.260s] -- Up-to-date: /home/wbc/Projects/ros2_grasp_position_compute/install/compute_grasp_interface/include/compute_grasp_interface/compute_grasp_interface
[2.260s] -- Up-to-date: /home/wbc/Projects/ros2_grasp_position_compute/install/compute_grasp_interface/include/compute_grasp_interface/compute_grasp_interface/srv
[2.260s] -- Up-to-date: /home/wbc/Projects/ros2_grasp_position_compute/install/compute_grasp_interface/include/compute_grasp_interface/compute_grasp_interface/srv/detail
[2.260s] -- Installing: /home/wbc/Projects/ros2_grasp_position_compute/install/compute_grasp_interface/include/compute_grasp_interface/compute_grasp_interface/srv/detail/compute_grasp__rosidl_typesupport_introspection_cpp.hpp
[2.260s] -- Installing: /home/wbc/Projects/ros2_grasp_position_compute/install/compute_grasp_interface/include/compute_grasp_interface/compute_grasp_interface/srv/detail/compute_grasp__type_support.cpp
[2.260s] -- Installing: /home/wbc/Projects/ros2_grasp_position_compute/install/compute_grasp_interface/lib/libcompute_grasp_interface__rosidl_typesupport_introspection_cpp.so
[2.261s] -- Set runtime path of "/home/wbc/Projects/ros2_grasp_position_compute/install/compute_grasp_interface/lib/libcompute_grasp_interface__rosidl_typesupport_introspection_cpp.so" to ""
[2.261s] -- Installing: /home/wbc/Projects/ros2_grasp_position_compute/install/compute_grasp_interface/lib/libcompute_grasp_interface__rosidl_typesupport_cpp.so
[2.261s] -- Set runtime path of "/home/wbc/Projects/ros2_grasp_position_compute/install/compute_grasp_interface/lib/libcompute_grasp_interface__rosidl_typesupport_cpp.so" to ""
[2.261s] -- Installing: /home/wbc/Projects/ros2_grasp_position_compute/install/compute_grasp_interface/share/compute_grasp_interface/environment/pythonpath.sh
[2.261s] -- Installing: /home/wbc/Projects/ros2_grasp_position_compute/install/compute_grasp_interface/share/compute_grasp_interface/environment/pythonpath.dsv
[2.261s] -- Installing: /home/wbc/Projects/ros2_grasp_position_compute/install/compute_grasp_interface/lib/python3.11/site-packages/compute_grasp_interface-0.0.0-py3.11.egg-info
[2.261s] -- Installing: /home/wbc/Projects/ros2_grasp_position_compute/install/compute_grasp_interface/lib/python3.11/site-packages/compute_grasp_interface-0.0.0-py3.11.egg-info/SOURCES.txt
[2.261s] -- Installing: /home/wbc/Projects/ros2_grasp_position_compute/install/compute_grasp_interface/lib/python3.11/site-packages/compute_grasp_interface-0.0.0-py3.11.egg-info/dependency_links.txt
[2.261s] -- Installing: /home/wbc/Projects/ros2_grasp_position_compute/install/compute_grasp_interface/lib/python3.11/site-packages/compute_grasp_interface-0.0.0-py3.11.egg-info/top_level.txt
[2.261s] -- Installing: /home/wbc/Projects/ros2_grasp_position_compute/install/compute_grasp_interface/lib/python3.11/site-packages/compute_grasp_interface-0.0.0-py3.11.egg-info/PKG-INFO
[2.261s] -- Installing: /home/wbc/Projects/ros2_grasp_position_compute/install/compute_grasp_interface/lib/python3.11/site-packages/compute_grasp_interface
[2.261s] -- Installing: /home/wbc/Projects/ros2_grasp_position_compute/install/compute_grasp_interface/lib/python3.11/site-packages/compute_grasp_interface/_compute_grasp_interface_s.ep.rosidl_typesupport_c.c
[2.261s] -- Installing: /home/wbc/Projects/ros2_grasp_position_compute/install/compute_grasp_interface/lib/python3.11/site-packages/compute_grasp_interface/_compute_grasp_interface_s.ep.rosidl_typesupport_fastrtps_c.c
[2.261s] -- Installing: /home/wbc/Projects/ros2_grasp_position_compute/install/compute_grasp_interface/lib/python3.11/site-packages/compute_grasp_interface/__init__.py
[2.261s] -- Installing: /home/wbc/Projects/ros2_grasp_position_compute/install/compute_grasp_interface/lib/python3.11/site-packages/compute_grasp_interface/compute_grasp_interface_s__rosidl_typesupport_fastrtps_c.cpython-311-x86_64-linux-gnu.so
[2.261s] -- Installing: /home/wbc/Projects/ros2_grasp_position_compute/install/compute_grasp_interface/lib/python3.11/site-packages/compute_grasp_interface/libcompute_grasp_interface__rosidl_generator_py.so
[2.261s] -- Installing: /home/wbc/Projects/ros2_grasp_position_compute/install/compute_grasp_interface/lib/python3.11/site-packages/compute_grasp_interface/srv
[2.261s] -- Installing: /home/wbc/Projects/ros2_grasp_position_compute/install/compute_grasp_interface/lib/python3.11/site-packages/compute_grasp_interface/srv/_compute_grasp.py
[2.261s] -- Installing: /home/wbc/Projects/ros2_grasp_position_compute/install/compute_grasp_interface/lib/python3.11/site-packages/compute_grasp_interface/srv/__init__.py
[2.261s] -- Installing: /home/wbc/Projects/ros2_grasp_position_compute/install/compute_grasp_interface/lib/python3.11/site-packages/compute_grasp_interface/srv/_compute_grasp_s.c
[2.261s] -- Installing: /home/wbc/Projects/ros2_grasp_position_compute/install/compute_grasp_interface/lib/python3.11/site-packages/compute_grasp_interface/_compute_grasp_interface_s.ep.rosidl_typesupport_introspection_c.c
[2.261s] -- Installing: /home/wbc/Projects/ros2_grasp_position_compute/install/compute_grasp_interface/lib/python3.11/site-packages/compute_grasp_interface/compute_grasp_interface_s__rosidl_typesupport_c.cpython-311-x86_64-linux-gnu.so
[2.262s] -- Installing: /home/wbc/Projects/ros2_grasp_position_compute/install/compute_grasp_interface/lib/python3.11/site-packages/compute_grasp_interface/compute_grasp_interface_s__rosidl_typesupport_introspection_c.cpython-311-x86_64-linux-gnu.so
[2.279s] Listing '/home/wbc/Projects/ros2_grasp_position_compute/install/compute_grasp_interface/lib/python3.11/site-packages/compute_grasp_interface'...
[2.279s] Compiling '/home/wbc/Projects/ros2_grasp_position_compute/install/compute_grasp_interface/lib/python3.11/site-packages/compute_grasp_interface/__init__.py'...
[2.279s] Listing '/home/wbc/Projects/ros2_grasp_position_compute/install/compute_grasp_interface/lib/python3.11/site-packages/compute_grasp_interface/srv'...
[2.279s] Compiling '/home/wbc/Projects/ros2_grasp_position_compute/install/compute_grasp_interface/lib/python3.11/site-packages/compute_grasp_interface/srv/__init__.py'...
[2.279s] Compiling '/home/wbc/Projects/ros2_grasp_position_compute/install/compute_grasp_interface/lib/python3.11/site-packages/compute_grasp_interface/srv/_compute_grasp.py'...
[2.281s] -- Installing: /home/wbc/Projects/ros2_grasp_position_compute/install/compute_grasp_interface/lib/python3.11/site-packages/compute_grasp_interface/compute_grasp_interface_s__rosidl_typesupport_fastrtps_c.cpython-311-x86_64-linux-gnu.so
[2.282s] -- Set runtime path of "/home/wbc/Projects/ros2_grasp_position_compute/install/compute_grasp_interface/lib/python3.11/site-packages/compute_grasp_interface/compute_grasp_interface_s__rosidl_typesupport_fastrtps_c.cpython-311-x86_64-linux-gnu.so" to ""
[2.282s] -- Installing: /home/wbc/Projects/ros2_grasp_position_compute/install/compute_grasp_interface/lib/python3.11/site-packages/compute_grasp_interface/compute_grasp_interface_s__rosidl_typesupport_introspection_c.cpython-311-x86_64-linux-gnu.so
[2.282s] -- Set runtime path of "/home/wbc/Projects/ros2_grasp_position_compute/install/compute_grasp_interface/lib/python3.11/site-packages/compute_grasp_interface/compute_grasp_interface_s__rosidl_typesupport_introspection_c.cpython-311-x86_64-linux-gnu.so" to ""
[2.282s] -- Installing: /home/wbc/Projects/ros2_grasp_position_compute/install/compute_grasp_interface/lib/python3.11/site-packages/compute_grasp_interface/compute_grasp_interface_s__rosidl_typesupport_c.cpython-311-x86_64-linux-gnu.so
[2.282s] -- Set runtime path of "/home/wbc/Projects/ros2_grasp_position_compute/install/compute_grasp_interface/lib/python3.11/site-packages/compute_grasp_interface/compute_grasp_interface_s__rosidl_typesupport_c.cpython-311-x86_64-linux-gnu.so" to ""
[2.282s] -- Installing: /home/wbc/Projects/ros2_grasp_position_compute/install/compute_grasp_interface/lib/libcompute_grasp_interface__rosidl_generator_py.so
[2.282s] -- Set runtime path of "/home/wbc/Projects/ros2_grasp_position_compute/install/compute_grasp_interface/lib/libcompute_grasp_interface__rosidl_generator_py.so" to ""
[2.282s] -- Installing: /home/wbc/Projects/ros2_grasp_position_compute/install/compute_grasp_interface/share/compute_grasp_interface/srv/ComputeGrasp.idl
[2.282s] -- Installing: /home/wbc/Projects/ros2_grasp_position_compute/install/compute_grasp_interface/share/compute_grasp_interface/srv/ComputeGrasp.srv
[2.282s] -- Installing: /home/wbc/Projects/ros2_grasp_position_compute/install/compute_grasp_interface/share/compute_grasp_interface/srv/ComputeGrasp_Request.msg
[2.282s] -- Installing: /home/wbc/Projects/ros2_grasp_position_compute/install/compute_grasp_interface/share/compute_grasp_interface/srv/ComputeGrasp_Response.msg
[2.282s] -- Installing: /home/wbc/Projects/ros2_grasp_position_compute/install/compute_grasp_interface/share/ament_index/resource_index/package_run_dependencies/compute_grasp_interface
[2.282s] -- Installing: /home/wbc/Projects/ros2_grasp_position_compute/install/compute_grasp_interface/share/ament_index/resource_index/parent_prefix_path/compute_grasp_interface
[2.282s] -- Installing: /home/wbc/Projects/ros2_grasp_position_compute/install/compute_grasp_interface/share/compute_grasp_interface/environment/ament_prefix_path.sh
[2.282s] -- Installing: /home/wbc/Projects/ros2_grasp_position_compute/install/compute_grasp_interface/share/compute_grasp_interface/environment/ament_prefix_path.dsv
[2.282s] -- Installing: /home/wbc/Projects/ros2_grasp_position_compute/install/compute_grasp_interface/share/compute_grasp_interface/environment/path.sh
[2.282s] -- Installing: /home/wbc/Projects/ros2_grasp_position_compute/install/compute_grasp_interface/share/compute_grasp_interface/environment/path.dsv
[2.282s] -- Installing: /home/wbc/Projects/ros2_grasp_position_compute/install/compute_grasp_interface/share/compute_grasp_interface/local_setup.bash
[2.282s] -- Installing: /home/wbc/Projects/ros2_grasp_position_compute/install/compute_grasp_interface/share/compute_grasp_interface/local_setup.sh
[2.282s] -- Installing: /home/wbc/Projects/ros2_grasp_position_compute/install/compute_grasp_interface/share/compute_grasp_interface/local_setup.zsh
[2.282s] -- Installing: /home/wbc/Projects/ros2_grasp_position_compute/install/compute_grasp_interface/share/compute_grasp_interface/local_setup.dsv
[2.282s] -- Installing: /home/wbc/Projects/ros2_grasp_position_compute/install/compute_grasp_interface/share/compute_grasp_interface/package.dsv
[2.283s] -- Installing: /home/wbc/Projects/ros2_grasp_position_compute/install/compute_grasp_interface/share/ament_index/resource_index/packages/compute_grasp_interface
[2.283s] -- Installing: /home/wbc/Projects/ros2_grasp_position_compute/install/compute_grasp_interface/share/compute_grasp_interface/cmake/export_compute_grasp_interface__rosidl_generator_cExport.cmake
[2.283s] -- Installing: /home/wbc/Projects/ros2_grasp_position_compute/install/compute_grasp_interface/share/compute_grasp_interface/cmake/export_compute_grasp_interface__rosidl_generator_cExport-noconfig.cmake
[2.283s] -- Installing: /home/wbc/Projects/ros2_grasp_position_compute/install/compute_grasp_interface/share/compute_grasp_interface/cmake/export_compute_grasp_interface__rosidl_typesupport_fastrtps_cExport.cmake
[2.283s] -- Installing: /home/wbc/Projects/ros2_grasp_position_compute/install/compute_grasp_interface/share/compute_grasp_interface/cmake/export_compute_grasp_interface__rosidl_typesupport_fastrtps_cExport-noconfig.cmake
[2.283s] -- Installing: /home/wbc/Projects/ros2_grasp_position_compute/install/compute_grasp_interface/share/compute_grasp_interface/cmake/export_compute_grasp_interface__rosidl_generator_cppExport.cmake
[2.283s] -- Installing: /home/wbc/Projects/ros2_grasp_position_compute/install/compute_grasp_interface/share/compute_grasp_interface/cmake/export_compute_grasp_interface__rosidl_typesupport_fastrtps_cppExport.cmake
[2.283s] -- Installing: /home/wbc/Projects/ros2_grasp_position_compute/install/compute_grasp_interface/share/compute_grasp_interface/cmake/export_compute_grasp_interface__rosidl_typesupport_fastrtps_cppExport-noconfig.cmake
[2.283s] -- Installing: /home/wbc/Projects/ros2_grasp_position_compute/install/compute_grasp_interface/share/compute_grasp_interface/cmake/compute_grasp_interface__rosidl_typesupport_introspection_cExport.cmake
[2.283s] -- Installing: /home/wbc/Projects/ros2_grasp_position_compute/install/compute_grasp_interface/share/compute_grasp_interface/cmake/compute_grasp_interface__rosidl_typesupport_introspection_cExport-noconfig.cmake
[2.283s] -- Installing: /home/wbc/Projects/ros2_grasp_position_compute/install/compute_grasp_interface/share/compute_grasp_interface/cmake/compute_grasp_interface__rosidl_typesupport_cExport.cmake
[2.283s] -- Installing: /home/wbc/Projects/ros2_grasp_position_compute/install/compute_grasp_interface/share/compute_grasp_interface/cmake/compute_grasp_interface__rosidl_typesupport_cExport-noconfig.cmake
[2.283s] -- Installing: /home/wbc/Projects/ros2_grasp_position_compute/install/compute_grasp_interface/share/compute_grasp_interface/cmake/compute_grasp_interface__rosidl_typesupport_introspection_cppExport.cmake
[2.283s] -- Installing: /home/wbc/Projects/ros2_grasp_position_compute/install/compute_grasp_interface/share/compute_grasp_interface/cmake/compute_grasp_interface__rosidl_typesupport_introspection_cppExport-noconfig.cmake
[2.283s] -- Installing: /home/wbc/Projects/ros2_grasp_position_compute/install/compute_grasp_interface/share/compute_grasp_interface/cmake/compute_grasp_interface__rosidl_typesupport_cppExport.cmake
[2.283s] -- Installing: /home/wbc/Projects/ros2_grasp_position_compute/install/compute_grasp_interface/share/compute_grasp_interface/cmake/compute_grasp_interface__rosidl_typesupport_cppExport-noconfig.cmake
[2.283s] -- Installing: /home/wbc/Projects/ros2_grasp_position_compute/install/compute_grasp_interface/share/compute_grasp_interface/cmake/export_compute_grasp_interface__rosidl_generator_pyExport.cmake
[2.283s] -- Installing: /home/wbc/Projects/ros2_grasp_position_compute/install/compute_grasp_interface/share/compute_grasp_interface/cmake/export_compute_grasp_interface__rosidl_generator_pyExport-noconfig.cmake
[2.283s] -- Installing: /home/wbc/Projects/ros2_grasp_position_compute/install/compute_grasp_interface/share/compute_grasp_interface/cmake/rosidl_cmake-extras.cmake
[2.283s] -- Installing: /home/wbc/Projects/ros2_grasp_position_compute/install/compute_grasp_interface/share/compute_grasp_interface/cmake/ament_cmake_export_dependencies-extras.cmake
[2.283s] -- Installing: /home/wbc/Projects/ros2_grasp_position_compute/install/compute_grasp_interface/share/compute_grasp_interface/cmake/ament_cmake_export_include_directories-extras.cmake
[2.283s] -- Installing: /home/wbc/Projects/ros2_grasp_position_compute/install/compute_grasp_interface/share/compute_grasp_interface/cmake/ament_cmake_export_libraries-extras.cmake
[2.283s] -- Installing: /home/wbc/Projects/ros2_grasp_position_compute/install/compute_grasp_interface/share/compute_grasp_interface/cmake/ament_cmake_export_targets-extras.cmake
[2.283s] -- Installing: /home/wbc/Projects/ros2_grasp_position_compute/install/compute_grasp_interface/share/compute_grasp_interface/cmake/rosidl_cmake_export_typesupport_targets-extras.cmake
[2.283s] -- Installing: /home/wbc/Projects/ros2_grasp_position_compute/install/compute_grasp_interface/share/compute_grasp_interface/cmake/rosidl_cmake_export_typesupport_libraries-extras.cmake
[2.283s] -- Installing: /home/wbc/Projects/ros2_grasp_position_compute/install/compute_grasp_interface/share/compute_grasp_interface/cmake/compute_grasp_interfaceConfig.cmake
[2.283s] -- Installing: /home/wbc/Projects/ros2_grasp_position_compute/install/compute_grasp_interface/share/compute_grasp_interface/cmake/compute_grasp_interfaceConfig-version.cmake
[2.284s] -- Installing: /home/wbc/Projects/ros2_grasp_position_compute/install/compute_grasp_interface/share/compute_grasp_interface/package.xml
[2.285s] Invoked command in '/home/wbc/Projects/ros2_grasp_position_compute/build/compute_grasp_interface' returned '0': CMAKE_PREFIX_PATH=/opt/ros/humble CONDA_PROMPT_MODIFIER=(base) /usr/bin/cmake --install /home/wbc/Projects/ros2_grasp_position_compute/build/compute_grasp_interface
