running egg_info
creating ../../build/ros2_grasp_position_compute/ros2_grasp_position_compute.egg-info
writing ../../build/ros2_grasp_position_compute/ros2_grasp_position_compute.egg-info/PKG-INFO
writing dependency_links to ../../build/ros2_grasp_position_compute/ros2_grasp_position_compute.egg-info/dependency_links.txt
writing requirements to ../../build/ros2_grasp_position_compute/ros2_grasp_position_compute.egg-info/requires.txt
writing top-level names to ../../build/ros2_grasp_position_compute/ros2_grasp_position_compute.egg-info/top_level.txt
writing manifest file '../../build/ros2_grasp_position_compute/ros2_grasp_position_compute.egg-info/SOURCES.txt'
reading manifest file '../../build/ros2_grasp_position_compute/ros2_grasp_position_compute.egg-info/SOURCES.txt'
adding license file 'LICENSE'
writing manifest file '../../build/ros2_grasp_position_compute/ros2_grasp_position_compute.egg-info/SOURCES.txt'
running build
running build_py
creating /home/wbc/Projects/ros2_grasp_position_compute/build/ros2_grasp_position_compute/build
creating /home/wbc/Projects/ros2_grasp_position_compute/build/ros2_grasp_position_compute/build/lib
creating /home/wbc/Projects/ros2_grasp_position_compute/build/ros2_grasp_position_compute/build/lib/ros2_grasp_position_compute
copying ros2_grasp_position_compute/__init__.py -> /home/wbc/Projects/ros2_grasp_position_compute/build/ros2_grasp_position_compute/build/lib/ros2_grasp_position_compute
copying ros2_grasp_position_compute/compute_position_server.py -> /home/wbc/Projects/ros2_grasp_position_compute/build/ros2_grasp_position_compute/build/lib/ros2_grasp_position_compute
running install
running install_lib
creating /home/wbc/Projects/ros2_grasp_position_compute/install/ros2_grasp_position_compute/lib/python3.10/site-packages/ros2_grasp_position_compute
copying /home/wbc/Projects/ros2_grasp_position_compute/build/ros2_grasp_position_compute/build/lib/ros2_grasp_position_compute/__init__.py -> /home/wbc/Projects/ros2_grasp_position_compute/install/ros2_grasp_position_compute/lib/python3.10/site-packages/ros2_grasp_position_compute
copying /home/wbc/Projects/ros2_grasp_position_compute/build/ros2_grasp_position_compute/build/lib/ros2_grasp_position_compute/compute_position_server.py -> /home/wbc/Projects/ros2_grasp_position_compute/install/ros2_grasp_position_compute/lib/python3.10/site-packages/ros2_grasp_position_compute
byte-compiling /home/wbc/Projects/ros2_grasp_position_compute/install/ros2_grasp_position_compute/lib/python3.10/site-packages/ros2_grasp_position_compute/__init__.py to __init__.cpython-310.pyc
byte-compiling /home/wbc/Projects/ros2_grasp_position_compute/install/ros2_grasp_position_compute/lib/python3.10/site-packages/ros2_grasp_position_compute/compute_position_server.py to compute_position_server.cpython-310.pyc
running install_data
creating /home/wbc/Projects/ros2_grasp_position_compute/install/ros2_grasp_position_compute/share/ament_index
creating /home/wbc/Projects/ros2_grasp_position_compute/install/ros2_grasp_position_compute/share/ament_index/resource_index
creating /home/wbc/Projects/ros2_grasp_position_compute/install/ros2_grasp_position_compute/share/ament_index/resource_index/packages
copying resource/ros2_grasp_position_compute -> /home/wbc/Projects/ros2_grasp_position_compute/install/ros2_grasp_position_compute/share/ament_index/resource_index/packages
copying package.xml -> /home/wbc/Projects/ros2_grasp_position_compute/install/ros2_grasp_position_compute/share/ros2_grasp_position_compute
running install_egg_info
Copying ../../build/ros2_grasp_position_compute/ros2_grasp_position_compute.egg-info to /home/wbc/Projects/ros2_grasp_position_compute/install/ros2_grasp_position_compute/lib/python3.10/site-packages/ros2_grasp_position_compute-0.0.0-py3.10.egg-info
running install_scripts
writing list of installed files to '/home/wbc/Projects/ros2_grasp_position_compute/build/ros2_grasp_position_compute/install.log'
