[0.087s] DEBUG:colcon:Command line arguments: ['/usr/bin/colcon', 'build']
[0.087s] DEBUG:colcon:Parsed command line arguments: Namespace(log_base=None, log_level=None, verb_name='build', build_base='build', install_base='install', merge_install=False, symlink_install=False, test_result_base=None, continue_on_error=False, executor='parallel', parallel_workers=24, event_handlers=None, ignore_user_meta=False, metas=['./colcon.meta'], base_paths=['.'], packages_ignore=None, packages_ignore_regex=None, paths=None, packages_up_to=None, packages_up_to_regex=None, packages_above=None, packages_above_and_dependencies=None, packages_above_depth=None, packages_select_by_dep=None, packages_skip_by_dep=None, packages_skip_up_to=None, packages_select_build_failed=False, packages_skip_build_finished=False, packages_select_test_failures=False, packages_skip_test_passed=False, packages_select=None, packages_skip=None, packages_select_regex=None, packages_skip_regex=None, packages_start=None, packages_end=None, allow_overriding=[], cmake_args=None, cmake_target=None, cmake_target_skip_unavailable=False, cmake_clean_cache=False, cmake_clean_first=False, cmake_force_configure=False, ament_cmake_args=None, catkin_cmake_args=None, catkin_skip_building_tests=False, mixin_files=None, mixin=None, verb_parser=<colcon_mixin.mixin.mixin_argument.MixinArgumentDecorator object at 0x7c3a22847ac0>, verb_extension=<colcon_core.verb.build.BuildVerb object at 0x7c3a229e9000>, main=<bound method BuildVerb.main of <colcon_core.verb.build.BuildVerb object at 0x7c3a229e9000>>, mixin_verb=('build',))
[0.115s] Level 1:colcon.colcon_core.package_discovery:discover_packages(colcon_meta) check parameters
[0.115s] Level 1:colcon.colcon_core.package_discovery:discover_packages(recursive) check parameters
[0.115s] Level 1:colcon.colcon_core.package_discovery:discover_packages(ignore) check parameters
[0.115s] Level 1:colcon.colcon_core.package_discovery:discover_packages(path) check parameters
[0.115s] Level 1:colcon.colcon_core.package_discovery:discover_packages(colcon_meta) discover
[0.115s] Level 1:colcon.colcon_core.package_discovery:discover_packages(recursive) discover
[0.115s] INFO:colcon.colcon_core.package_discovery:Crawling recursively for packages in '/home/wbc/Projects/ros2_grasp_position_compute'
[0.115s] Level 1:colcon.colcon_core.package_identification:_identify(.) by extensions ['ignore', 'ignore_ament_install']
[0.115s] Level 1:colcon.colcon_core.package_identification:_identify(.) by extension 'ignore'
[0.115s] Level 1:colcon.colcon_core.package_identification:_identify(.) by extension 'ignore_ament_install'
[0.115s] Level 1:colcon.colcon_core.package_identification:_identify(.) by extensions ['colcon_pkg']
[0.115s] Level 1:colcon.colcon_core.package_identification:_identify(.) by extension 'colcon_pkg'
[0.115s] Level 1:colcon.colcon_core.package_identification:_identify(.) by extensions ['colcon_meta']
[0.115s] Level 1:colcon.colcon_core.package_identification:_identify(.) by extension 'colcon_meta'
[0.115s] Level 1:colcon.colcon_core.package_identification:_identify(.) by extensions ['ros']
[0.115s] Level 1:colcon.colcon_core.package_identification:_identify(.) by extension 'ros'
[0.122s] Level 1:colcon.colcon_core.package_identification:_identify(.) by extensions ['cmake', 'python']
[0.122s] Level 1:colcon.colcon_core.package_identification:_identify(.) by extension 'cmake'
[0.122s] Level 1:colcon.colcon_core.package_identification:_identify(.) by extension 'python'
[0.122s] Level 1:colcon.colcon_core.package_identification:_identify(.) by extensions ['python_setup_py']
[0.122s] Level 1:colcon.colcon_core.package_identification:_identify(.) by extension 'python_setup_py'
[0.122s] Level 1:colcon.colcon_core.package_identification:_identify(build) by extensions ['ignore', 'ignore_ament_install']
[0.122s] Level 1:colcon.colcon_core.package_identification:_identify(build) by extension 'ignore'
[0.122s] Level 1:colcon.colcon_core.package_identification:_identify(build) ignored
[0.122s] Level 1:colcon.colcon_core.package_identification:_identify(install) by extensions ['ignore', 'ignore_ament_install']
[0.122s] Level 1:colcon.colcon_core.package_identification:_identify(install) by extension 'ignore'
[0.122s] Level 1:colcon.colcon_core.package_identification:_identify(install) ignored
[0.122s] Level 1:colcon.colcon_core.package_identification:_identify(log) by extensions ['ignore', 'ignore_ament_install']
[0.122s] Level 1:colcon.colcon_core.package_identification:_identify(log) by extension 'ignore'
[0.122s] Level 1:colcon.colcon_core.package_identification:_identify(log) ignored
[0.122s] Level 1:colcon.colcon_core.package_identification:_identify(src) by extensions ['ignore', 'ignore_ament_install']
[0.122s] Level 1:colcon.colcon_core.package_identification:_identify(src) by extension 'ignore'
[0.122s] Level 1:colcon.colcon_core.package_identification:_identify(src) by extension 'ignore_ament_install'
[0.122s] Level 1:colcon.colcon_core.package_identification:_identify(src) by extensions ['colcon_pkg']
[0.122s] Level 1:colcon.colcon_core.package_identification:_identify(src) by extension 'colcon_pkg'
[0.122s] Level 1:colcon.colcon_core.package_identification:_identify(src) by extensions ['colcon_meta']
[0.122s] Level 1:colcon.colcon_core.package_identification:_identify(src) by extension 'colcon_meta'
[0.122s] Level 1:colcon.colcon_core.package_identification:_identify(src) by extensions ['ros']
[0.122s] Level 1:colcon.colcon_core.package_identification:_identify(src) by extension 'ros'
[0.122s] Level 1:colcon.colcon_core.package_identification:_identify(src) by extensions ['cmake', 'python']
[0.122s] Level 1:colcon.colcon_core.package_identification:_identify(src) by extension 'cmake'
[0.122s] Level 1:colcon.colcon_core.package_identification:_identify(src) by extension 'python'
[0.122s] Level 1:colcon.colcon_core.package_identification:_identify(src) by extensions ['python_setup_py']
[0.122s] Level 1:colcon.colcon_core.package_identification:_identify(src) by extension 'python_setup_py'
[0.122s] Level 1:colcon.colcon_core.package_identification:_identify(src/compute_grasp_interface) by extensions ['ignore', 'ignore_ament_install']
[0.122s] Level 1:colcon.colcon_core.package_identification:_identify(src/compute_grasp_interface) by extension 'ignore'
[0.122s] Level 1:colcon.colcon_core.package_identification:_identify(src/compute_grasp_interface) by extension 'ignore_ament_install'
[0.122s] Level 1:colcon.colcon_core.package_identification:_identify(src/compute_grasp_interface) by extensions ['colcon_pkg']
[0.122s] Level 1:colcon.colcon_core.package_identification:_identify(src/compute_grasp_interface) by extension 'colcon_pkg'
[0.122s] Level 1:colcon.colcon_core.package_identification:_identify(src/compute_grasp_interface) by extensions ['colcon_meta']
[0.122s] Level 1:colcon.colcon_core.package_identification:_identify(src/compute_grasp_interface) by extension 'colcon_meta'
[0.122s] Level 1:colcon.colcon_core.package_identification:_identify(src/compute_grasp_interface) by extensions ['ros']
[0.122s] Level 1:colcon.colcon_core.package_identification:_identify(src/compute_grasp_interface) by extension 'ros'
[0.124s] DEBUG:colcon.colcon_core.package_identification:Package 'src/compute_grasp_interface' with type 'ros.ament_cmake' and name 'compute_grasp_interface'
[0.124s] Level 1:colcon.colcon_core.package_identification:_identify(src/ros2_grasp_position_compute) by extensions ['ignore', 'ignore_ament_install']
[0.124s] Level 1:colcon.colcon_core.package_identification:_identify(src/ros2_grasp_position_compute) by extension 'ignore'
[0.124s] Level 1:colcon.colcon_core.package_identification:_identify(src/ros2_grasp_position_compute) by extension 'ignore_ament_install'
[0.124s] Level 1:colcon.colcon_core.package_identification:_identify(src/ros2_grasp_position_compute) by extensions ['colcon_pkg']
[0.124s] Level 1:colcon.colcon_core.package_identification:_identify(src/ros2_grasp_position_compute) by extension 'colcon_pkg'
[0.124s] Level 1:colcon.colcon_core.package_identification:_identify(src/ros2_grasp_position_compute) by extensions ['colcon_meta']
[0.124s] Level 1:colcon.colcon_core.package_identification:_identify(src/ros2_grasp_position_compute) by extension 'colcon_meta'
[0.124s] Level 1:colcon.colcon_core.package_identification:_identify(src/ros2_grasp_position_compute) by extensions ['ros']
[0.124s] Level 1:colcon.colcon_core.package_identification:_identify(src/ros2_grasp_position_compute) by extension 'ros'
[0.125s] DEBUG:colcon.colcon_core.package_identification:Package 'src/ros2_grasp_position_compute' with type 'ros.ament_python' and name 'ros2_grasp_position_compute'
[0.125s] Level 1:colcon.colcon_core.package_discovery:discover_packages(recursive) using defaults
[0.125s] Level 1:colcon.colcon_core.package_discovery:discover_packages(ignore) discover
[0.125s] Level 1:colcon.colcon_core.package_discovery:discover_packages(ignore) using defaults
[0.125s] Level 1:colcon.colcon_core.package_discovery:discover_packages(path) discover
[0.125s] Level 1:colcon.colcon_core.package_discovery:discover_packages(path) using defaults
[0.139s] Level 1:colcon.colcon_core.package_discovery:discover_packages(prefix_path) check parameters
[0.139s] Level 1:colcon.colcon_core.package_discovery:discover_packages(prefix_path) discover
[0.141s] DEBUG:colcon.colcon_installed_package_information.package_discovery:Found 412 installed packages in /opt/ros/humble
[0.142s] Level 1:colcon.colcon_core.package_discovery:discover_packages(prefix_path) using defaults
[0.162s] Level 5:colcon.colcon_core.verb:set package 'compute_grasp_interface' build argument 'cmake_args' from command line to 'None'
[0.162s] Level 5:colcon.colcon_core.verb:set package 'compute_grasp_interface' build argument 'cmake_target' from command line to 'None'
[0.162s] Level 5:colcon.colcon_core.verb:set package 'compute_grasp_interface' build argument 'cmake_target_skip_unavailable' from command line to 'False'
[0.162s] Level 5:colcon.colcon_core.verb:set package 'compute_grasp_interface' build argument 'cmake_clean_cache' from command line to 'False'
[0.162s] Level 5:colcon.colcon_core.verb:set package 'compute_grasp_interface' build argument 'cmake_clean_first' from command line to 'False'
[0.162s] Level 5:colcon.colcon_core.verb:set package 'compute_grasp_interface' build argument 'cmake_force_configure' from command line to 'False'
[0.162s] Level 5:colcon.colcon_core.verb:set package 'compute_grasp_interface' build argument 'ament_cmake_args' from command line to 'None'
[0.162s] Level 5:colcon.colcon_core.verb:set package 'compute_grasp_interface' build argument 'catkin_cmake_args' from command line to 'None'
[0.162s] Level 5:colcon.colcon_core.verb:set package 'compute_grasp_interface' build argument 'catkin_skip_building_tests' from command line to 'False'
[0.162s] DEBUG:colcon.colcon_core.verb:Building package 'compute_grasp_interface' with the following arguments: {'ament_cmake_args': None, 'build_base': '/home/wbc/Projects/ros2_grasp_position_compute/build/compute_grasp_interface', 'catkin_cmake_args': None, 'catkin_skip_building_tests': False, 'cmake_args': None, 'cmake_clean_cache': False, 'cmake_clean_first': False, 'cmake_force_configure': False, 'cmake_target': None, 'cmake_target_skip_unavailable': False, 'install_base': '/home/wbc/Projects/ros2_grasp_position_compute/install/compute_grasp_interface', 'merge_install': False, 'path': '/home/wbc/Projects/ros2_grasp_position_compute/src/compute_grasp_interface', 'symlink_install': False, 'test_result_base': None}
[0.162s] Level 5:colcon.colcon_core.verb:set package 'ros2_grasp_position_compute' build argument 'cmake_args' from command line to 'None'
[0.162s] Level 5:colcon.colcon_core.verb:set package 'ros2_grasp_position_compute' build argument 'cmake_target' from command line to 'None'
[0.162s] Level 5:colcon.colcon_core.verb:set package 'ros2_grasp_position_compute' build argument 'cmake_target_skip_unavailable' from command line to 'False'
[0.162s] Level 5:colcon.colcon_core.verb:set package 'ros2_grasp_position_compute' build argument 'cmake_clean_cache' from command line to 'False'
[0.162s] Level 5:colcon.colcon_core.verb:set package 'ros2_grasp_position_compute' build argument 'cmake_clean_first' from command line to 'False'
[0.162s] Level 5:colcon.colcon_core.verb:set package 'ros2_grasp_position_compute' build argument 'cmake_force_configure' from command line to 'False'
[0.162s] Level 5:colcon.colcon_core.verb:set package 'ros2_grasp_position_compute' build argument 'ament_cmake_args' from command line to 'None'
[0.162s] Level 5:colcon.colcon_core.verb:set package 'ros2_grasp_position_compute' build argument 'catkin_cmake_args' from command line to 'None'
[0.162s] Level 5:colcon.colcon_core.verb:set package 'ros2_grasp_position_compute' build argument 'catkin_skip_building_tests' from command line to 'False'
[0.162s] DEBUG:colcon.colcon_core.verb:Building package 'ros2_grasp_position_compute' with the following arguments: {'ament_cmake_args': None, 'build_base': '/home/wbc/Projects/ros2_grasp_position_compute/build/ros2_grasp_position_compute', 'catkin_cmake_args': None, 'catkin_skip_building_tests': False, 'cmake_args': None, 'cmake_clean_cache': False, 'cmake_clean_first': False, 'cmake_force_configure': False, 'cmake_target': None, 'cmake_target_skip_unavailable': False, 'install_base': '/home/wbc/Projects/ros2_grasp_position_compute/install/ros2_grasp_position_compute', 'merge_install': False, 'path': '/home/wbc/Projects/ros2_grasp_position_compute/src/ros2_grasp_position_compute', 'symlink_install': False, 'test_result_base': None}
[0.162s] INFO:colcon.colcon_core.executor:Executing jobs using 'parallel' executor
[0.163s] DEBUG:colcon.colcon_parallel_executor.executor.parallel:run_until_complete
[0.163s] INFO:colcon.colcon_ros.task.ament_cmake.build:Building ROS package in '/home/wbc/Projects/ros2_grasp_position_compute/src/compute_grasp_interface' with build type 'ament_cmake'
[0.163s] INFO:colcon.colcon_cmake.task.cmake.build:Building CMake package in '/home/wbc/Projects/ros2_grasp_position_compute/src/compute_grasp_interface'
[0.165s] INFO:colcon.colcon_core.plugin_system:Skipping extension 'colcon_core.shell.bat': Not used on non-Windows systems
[0.165s] INFO:colcon.colcon_core.shell:Skip shell extension 'powershell' for command environment: Not usable outside of PowerShell
[0.165s] DEBUG:colcon.colcon_core.shell:Skip shell extension 'dsv' for command environment
[0.167s] INFO:colcon.colcon_ros.task.ament_python.build:Building ROS package in '/home/wbc/Projects/ros2_grasp_position_compute/src/ros2_grasp_position_compute' with build type 'ament_python'
[0.167s] Level 1:colcon.colcon_core.shell:create_environment_hook('ros2_grasp_position_compute', 'ament_prefix_path')
[0.167s] INFO:colcon.colcon_core.shell:Creating environment hook '/home/wbc/Projects/ros2_grasp_position_compute/install/ros2_grasp_position_compute/share/ros2_grasp_position_compute/hook/ament_prefix_path.ps1'
[0.168s] INFO:colcon.colcon_core.shell:Creating environment descriptor '/home/wbc/Projects/ros2_grasp_position_compute/install/ros2_grasp_position_compute/share/ros2_grasp_position_compute/hook/ament_prefix_path.dsv'
[0.168s] INFO:colcon.colcon_core.shell:Creating environment hook '/home/wbc/Projects/ros2_grasp_position_compute/install/ros2_grasp_position_compute/share/ros2_grasp_position_compute/hook/ament_prefix_path.sh'
[0.168s] INFO:colcon.colcon_core.shell:Skip shell extension 'powershell' for command environment: Not usable outside of PowerShell
[0.168s] DEBUG:colcon.colcon_core.shell:Skip shell extension 'dsv' for command environment
[0.171s] DEBUG:colcon.colcon_core.event_handler.log_command:Invoking command in '/home/wbc/Projects/ros2_grasp_position_compute/build/compute_grasp_interface': CMAKE_PREFIX_PATH=/opt/ros/humble CONDA_PROMPT_MODIFIER=(base) /usr/bin/cmake /home/wbc/Projects/ros2_grasp_position_compute/src/compute_grasp_interface -DCMAKE_INSTALL_PREFIX=/home/wbc/Projects/ros2_grasp_position_compute/install/compute_grasp_interface
[0.257s] INFO:colcon.colcon_core.task.python.build:Building Python package in '/home/wbc/Projects/ros2_grasp_position_compute/src/ros2_grasp_position_compute'
[0.257s] INFO:colcon.colcon_core.shell:Skip shell extension 'powershell' for command environment: Not usable outside of PowerShell
[0.257s] DEBUG:colcon.colcon_core.shell:Skip shell extension 'dsv' for command environment
[0.606s] DEBUG:colcon.colcon_core.event_handler.log_command:Invoking command in '/home/wbc/Projects/ros2_grasp_position_compute/src/ros2_grasp_position_compute': CONDA_PROMPT_MODIFIER=(base) PYTHONPATH=/home/wbc/Projects/ros2_grasp_position_compute/build/ros2_grasp_position_compute/prefix_override:/home/wbc/Projects/ros2_grasp_position_compute/install/ros2_grasp_position_compute/lib/python3.10/site-packages:${PYTHONPATH} /usr/bin/python3 -W ignore:setup.py install is deprecated setup.py egg_info --egg-base ../../build/ros2_grasp_position_compute build --build-base /home/wbc/Projects/ros2_grasp_position_compute/build/ros2_grasp_position_compute/build install --record /home/wbc/Projects/ros2_grasp_position_compute/build/ros2_grasp_position_compute/install.log --single-version-externally-managed install_data
[0.818s] DEBUG:colcon.colcon_core.event_handler.log_command:Invoked command in '/home/wbc/Projects/ros2_grasp_position_compute/src/ros2_grasp_position_compute' returned '0': CONDA_PROMPT_MODIFIER=(base) PYTHONPATH=/home/wbc/Projects/ros2_grasp_position_compute/build/ros2_grasp_position_compute/prefix_override:/home/wbc/Projects/ros2_grasp_position_compute/install/ros2_grasp_position_compute/lib/python3.10/site-packages:${PYTHONPATH} /usr/bin/python3 -W ignore:setup.py install is deprecated setup.py egg_info --egg-base ../../build/ros2_grasp_position_compute build --build-base /home/wbc/Projects/ros2_grasp_position_compute/build/ros2_grasp_position_compute/build install --record /home/wbc/Projects/ros2_grasp_position_compute/build/ros2_grasp_position_compute/install.log --single-version-externally-managed install_data
[0.821s] Level 1:colcon.colcon_core.environment:checking '/home/wbc/Projects/ros2_grasp_position_compute/install/ros2_grasp_position_compute' for CMake module files
[0.821s] Level 1:colcon.colcon_core.environment:checking '/home/wbc/Projects/ros2_grasp_position_compute/install/ros2_grasp_position_compute' for CMake config files
[0.821s] Level 1:colcon.colcon_core.environment:checking '/home/wbc/Projects/ros2_grasp_position_compute/install/ros2_grasp_position_compute/lib'
[0.822s] Level 1:colcon.colcon_core.environment:checking '/home/wbc/Projects/ros2_grasp_position_compute/install/ros2_grasp_position_compute/bin'
[0.822s] Level 1:colcon.colcon_core.environment:checking '/home/wbc/Projects/ros2_grasp_position_compute/install/ros2_grasp_position_compute/lib/pkgconfig/ros2_grasp_position_compute.pc'
[0.822s] Level 1:colcon.colcon_core.environment:checking '/home/wbc/Projects/ros2_grasp_position_compute/install/ros2_grasp_position_compute/lib/python3.10/site-packages'
[0.822s] Level 1:colcon.colcon_core.shell:create_environment_hook('ros2_grasp_position_compute', 'pythonpath')
[0.822s] INFO:colcon.colcon_core.shell:Creating environment hook '/home/wbc/Projects/ros2_grasp_position_compute/install/ros2_grasp_position_compute/share/ros2_grasp_position_compute/hook/pythonpath.ps1'
[0.822s] INFO:colcon.colcon_core.shell:Creating environment descriptor '/home/wbc/Projects/ros2_grasp_position_compute/install/ros2_grasp_position_compute/share/ros2_grasp_position_compute/hook/pythonpath.dsv'
[0.822s] INFO:colcon.colcon_core.shell:Creating environment hook '/home/wbc/Projects/ros2_grasp_position_compute/install/ros2_grasp_position_compute/share/ros2_grasp_position_compute/hook/pythonpath.sh'
[0.822s] Level 1:colcon.colcon_core.environment:checking '/home/wbc/Projects/ros2_grasp_position_compute/install/ros2_grasp_position_compute/bin'
[0.822s] Level 1:colcon.colcon_core.environment:create_environment_scripts_only(ros2_grasp_position_compute)
[0.823s] INFO:colcon.colcon_core.shell:Creating package script '/home/wbc/Projects/ros2_grasp_position_compute/install/ros2_grasp_position_compute/share/ros2_grasp_position_compute/package.ps1'
[0.823s] INFO:colcon.colcon_core.shell:Creating package descriptor '/home/wbc/Projects/ros2_grasp_position_compute/install/ros2_grasp_position_compute/share/ros2_grasp_position_compute/package.dsv'
[0.823s] INFO:colcon.colcon_core.shell:Creating package script '/home/wbc/Projects/ros2_grasp_position_compute/install/ros2_grasp_position_compute/share/ros2_grasp_position_compute/package.sh'
[0.824s] INFO:colcon.colcon_core.shell:Creating package script '/home/wbc/Projects/ros2_grasp_position_compute/install/ros2_grasp_position_compute/share/ros2_grasp_position_compute/package.bash'
[0.824s] INFO:colcon.colcon_core.shell:Creating package script '/home/wbc/Projects/ros2_grasp_position_compute/install/ros2_grasp_position_compute/share/ros2_grasp_position_compute/package.zsh'
[0.825s] Level 1:colcon.colcon_core.environment:create_file_with_runtime_dependencies(/home/wbc/Projects/ros2_grasp_position_compute/install/ros2_grasp_position_compute/share/colcon-core/packages/ros2_grasp_position_compute)
[1.500s] DEBUG:colcon.colcon_core.event_handler.log_command:Invoked command in '/home/wbc/Projects/ros2_grasp_position_compute/build/compute_grasp_interface' returned '0': CMAKE_PREFIX_PATH=/opt/ros/humble CONDA_PROMPT_MODIFIER=(base) /usr/bin/cmake /home/wbc/Projects/ros2_grasp_position_compute/src/compute_grasp_interface -DCMAKE_INSTALL_PREFIX=/home/wbc/Projects/ros2_grasp_position_compute/install/compute_grasp_interface
[1.501s] DEBUG:colcon.colcon_core.event_handler.log_command:Invoking command in '/home/wbc/Projects/ros2_grasp_position_compute/build/compute_grasp_interface': CMAKE_PREFIX_PATH=/opt/ros/humble CONDA_PROMPT_MODIFIER=(base) /usr/bin/cmake --build /home/wbc/Projects/ros2_grasp_position_compute/build/compute_grasp_interface -- -j24 -l24
[2.382s] DEBUG:colcon.colcon_core.event_handler.log_command:Invoked command in '/home/wbc/Projects/ros2_grasp_position_compute/build/compute_grasp_interface' returned '0': CMAKE_PREFIX_PATH=/opt/ros/humble CONDA_PROMPT_MODIFIER=(base) /usr/bin/cmake --build /home/wbc/Projects/ros2_grasp_position_compute/build/compute_grasp_interface -- -j24 -l24
[2.418s] DEBUG:colcon.colcon_core.event_handler.log_command:Invoking command in '/home/wbc/Projects/ros2_grasp_position_compute/build/compute_grasp_interface': CMAKE_PREFIX_PATH=/opt/ros/humble CONDA_PROMPT_MODIFIER=(base) /usr/bin/cmake --install /home/wbc/Projects/ros2_grasp_position_compute/build/compute_grasp_interface
[2.448s] Level 1:colcon.colcon_core.environment:create_environment_scripts_only(compute_grasp_interface)
[2.448s] Level 1:colcon.colcon_core.environment:checking '/home/wbc/Projects/ros2_grasp_position_compute/install/compute_grasp_interface' for CMake module files
[2.448s] DEBUG:colcon.colcon_core.event_handler.log_command:Invoked command in '/home/wbc/Projects/ros2_grasp_position_compute/build/compute_grasp_interface' returned '0': CMAKE_PREFIX_PATH=/opt/ros/humble CONDA_PROMPT_MODIFIER=(base) /usr/bin/cmake --install /home/wbc/Projects/ros2_grasp_position_compute/build/compute_grasp_interface
[2.448s] Level 1:colcon.colcon_core.environment:checking '/home/wbc/Projects/ros2_grasp_position_compute/install/compute_grasp_interface' for CMake config files
[2.448s] Level 1:colcon.colcon_core.shell:create_environment_hook('compute_grasp_interface', 'cmake_prefix_path')
[2.448s] INFO:colcon.colcon_core.shell:Creating environment hook '/home/wbc/Projects/ros2_grasp_position_compute/install/compute_grasp_interface/share/compute_grasp_interface/hook/cmake_prefix_path.ps1'
[2.448s] INFO:colcon.colcon_core.shell:Creating environment descriptor '/home/wbc/Projects/ros2_grasp_position_compute/install/compute_grasp_interface/share/compute_grasp_interface/hook/cmake_prefix_path.dsv'
[2.449s] INFO:colcon.colcon_core.shell:Creating environment hook '/home/wbc/Projects/ros2_grasp_position_compute/install/compute_grasp_interface/share/compute_grasp_interface/hook/cmake_prefix_path.sh'
[2.449s] Level 1:colcon.colcon_core.environment:checking '/home/wbc/Projects/ros2_grasp_position_compute/install/compute_grasp_interface/lib'
[2.449s] Level 1:colcon.colcon_core.shell:create_environment_hook('compute_grasp_interface', 'ld_library_path_lib')
[2.449s] INFO:colcon.colcon_core.shell:Creating environment hook '/home/wbc/Projects/ros2_grasp_position_compute/install/compute_grasp_interface/share/compute_grasp_interface/hook/ld_library_path_lib.ps1'
[2.449s] INFO:colcon.colcon_core.shell:Creating environment descriptor '/home/wbc/Projects/ros2_grasp_position_compute/install/compute_grasp_interface/share/compute_grasp_interface/hook/ld_library_path_lib.dsv'
[2.449s] INFO:colcon.colcon_core.shell:Creating environment hook '/home/wbc/Projects/ros2_grasp_position_compute/install/compute_grasp_interface/share/compute_grasp_interface/hook/ld_library_path_lib.sh'
[2.449s] Level 1:colcon.colcon_core.environment:checking '/home/wbc/Projects/ros2_grasp_position_compute/install/compute_grasp_interface/bin'
[2.449s] Level 1:colcon.colcon_core.environment:checking '/home/wbc/Projects/ros2_grasp_position_compute/install/compute_grasp_interface/lib/pkgconfig/compute_grasp_interface.pc'
[2.449s] Level 1:colcon.colcon_core.environment:checking '/home/wbc/Projects/ros2_grasp_position_compute/install/compute_grasp_interface/lib/python3.10/site-packages'
[2.449s] Level 1:colcon.colcon_core.environment:checking '/home/wbc/Projects/ros2_grasp_position_compute/install/compute_grasp_interface/bin'
[2.450s] INFO:colcon.colcon_core.shell:Creating package script '/home/wbc/Projects/ros2_grasp_position_compute/install/compute_grasp_interface/share/compute_grasp_interface/package.ps1'
[2.450s] INFO:colcon.colcon_core.shell:Creating package descriptor '/home/wbc/Projects/ros2_grasp_position_compute/install/compute_grasp_interface/share/compute_grasp_interface/package.dsv'
[2.450s] INFO:colcon.colcon_core.shell:Creating package script '/home/wbc/Projects/ros2_grasp_position_compute/install/compute_grasp_interface/share/compute_grasp_interface/package.sh'
[2.450s] INFO:colcon.colcon_core.shell:Creating package script '/home/wbc/Projects/ros2_grasp_position_compute/install/compute_grasp_interface/share/compute_grasp_interface/package.bash'
[2.450s] INFO:colcon.colcon_core.shell:Creating package script '/home/wbc/Projects/ros2_grasp_position_compute/install/compute_grasp_interface/share/compute_grasp_interface/package.zsh'
[2.450s] Level 1:colcon.colcon_core.environment:create_file_with_runtime_dependencies(/home/wbc/Projects/ros2_grasp_position_compute/install/compute_grasp_interface/share/colcon-core/packages/compute_grasp_interface)
[2.480s] Level 1:colcon.colcon_core.environment:create_environment_scripts_only(compute_grasp_interface)
[2.480s] Level 1:colcon.colcon_core.environment:checking '/home/wbc/Projects/ros2_grasp_position_compute/install/compute_grasp_interface' for CMake module files
[2.480s] Level 1:colcon.colcon_core.environment:checking '/home/wbc/Projects/ros2_grasp_position_compute/install/compute_grasp_interface' for CMake config files
[2.480s] Level 1:colcon.colcon_core.shell:create_environment_hook('compute_grasp_interface', 'cmake_prefix_path')
[2.480s] INFO:colcon.colcon_core.shell:Creating environment hook '/home/wbc/Projects/ros2_grasp_position_compute/install/compute_grasp_interface/share/compute_grasp_interface/hook/cmake_prefix_path.ps1'
[2.480s] INFO:colcon.colcon_core.shell:Creating environment descriptor '/home/wbc/Projects/ros2_grasp_position_compute/install/compute_grasp_interface/share/compute_grasp_interface/hook/cmake_prefix_path.dsv'
[2.481s] INFO:colcon.colcon_core.shell:Creating environment hook '/home/wbc/Projects/ros2_grasp_position_compute/install/compute_grasp_interface/share/compute_grasp_interface/hook/cmake_prefix_path.sh'
[2.481s] Level 1:colcon.colcon_core.environment:checking '/home/wbc/Projects/ros2_grasp_position_compute/install/compute_grasp_interface/lib'
[2.481s] Level 1:colcon.colcon_core.shell:create_environment_hook('compute_grasp_interface', 'ld_library_path_lib')
[2.481s] INFO:colcon.colcon_core.shell:Creating environment hook '/home/wbc/Projects/ros2_grasp_position_compute/install/compute_grasp_interface/share/compute_grasp_interface/hook/ld_library_path_lib.ps1'
[2.481s] INFO:colcon.colcon_core.shell:Creating environment descriptor '/home/wbc/Projects/ros2_grasp_position_compute/install/compute_grasp_interface/share/compute_grasp_interface/hook/ld_library_path_lib.dsv'
[2.481s] INFO:colcon.colcon_core.shell:Creating environment hook '/home/wbc/Projects/ros2_grasp_position_compute/install/compute_grasp_interface/share/compute_grasp_interface/hook/ld_library_path_lib.sh'
[2.481s] Level 1:colcon.colcon_core.environment:checking '/home/wbc/Projects/ros2_grasp_position_compute/install/compute_grasp_interface/bin'
[2.481s] Level 1:colcon.colcon_core.environment:checking '/home/wbc/Projects/ros2_grasp_position_compute/install/compute_grasp_interface/lib/pkgconfig/compute_grasp_interface.pc'
[2.481s] Level 1:colcon.colcon_core.environment:checking '/home/wbc/Projects/ros2_grasp_position_compute/install/compute_grasp_interface/lib/python3.10/site-packages'
[2.481s] Level 1:colcon.colcon_core.environment:checking '/home/wbc/Projects/ros2_grasp_position_compute/install/compute_grasp_interface/bin'
[2.482s] INFO:colcon.colcon_core.shell:Creating package script '/home/wbc/Projects/ros2_grasp_position_compute/install/compute_grasp_interface/share/compute_grasp_interface/package.ps1'
[2.482s] INFO:colcon.colcon_core.shell:Creating package descriptor '/home/wbc/Projects/ros2_grasp_position_compute/install/compute_grasp_interface/share/compute_grasp_interface/package.dsv'
[2.482s] INFO:colcon.colcon_core.shell:Creating package script '/home/wbc/Projects/ros2_grasp_position_compute/install/compute_grasp_interface/share/compute_grasp_interface/package.sh'
[2.482s] INFO:colcon.colcon_core.shell:Creating package script '/home/wbc/Projects/ros2_grasp_position_compute/install/compute_grasp_interface/share/compute_grasp_interface/package.bash'
[2.482s] INFO:colcon.colcon_core.shell:Creating package script '/home/wbc/Projects/ros2_grasp_position_compute/install/compute_grasp_interface/share/compute_grasp_interface/package.zsh'
[2.482s] Level 1:colcon.colcon_core.environment:create_file_with_runtime_dependencies(/home/wbc/Projects/ros2_grasp_position_compute/install/compute_grasp_interface/share/colcon-core/packages/compute_grasp_interface)
[2.482s] DEBUG:colcon.colcon_parallel_executor.executor.parallel:closing loop
[2.482s] DEBUG:colcon.colcon_parallel_executor.executor.parallel:loop closed
[2.483s] DEBUG:colcon.colcon_parallel_executor.executor.parallel:run_until_complete finished with '0'
[2.483s] DEBUG:colcon.colcon_core.event_reactor:joining thread
[2.485s] INFO:colcon.colcon_core.plugin_system:Skipping extension 'colcon_notification.desktop_notification.terminal_notifier': Not used on non-Darwin systems
[2.485s] INFO:colcon.colcon_core.plugin_system:Skipping extension 'colcon_notification.desktop_notification.win32': Not used on non-Windows systems
[2.485s] INFO:colcon.colcon_notification.desktop_notification:Sending desktop notification using 'notify2'
[2.493s] DEBUG:colcon.colcon_core.event_reactor:joined thread
[2.493s] INFO:colcon.colcon_core.shell:Creating prefix script '/home/wbc/Projects/ros2_grasp_position_compute/install/local_setup.ps1'
[2.494s] INFO:colcon.colcon_core.shell:Creating prefix util module '/home/wbc/Projects/ros2_grasp_position_compute/install/_local_setup_util_ps1.py'
[2.495s] INFO:colcon.colcon_core.shell:Creating prefix chain script '/home/wbc/Projects/ros2_grasp_position_compute/install/setup.ps1'
[2.495s] INFO:colcon.colcon_core.shell:Creating prefix script '/home/wbc/Projects/ros2_grasp_position_compute/install/local_setup.sh'
[2.495s] INFO:colcon.colcon_core.shell:Creating prefix util module '/home/wbc/Projects/ros2_grasp_position_compute/install/_local_setup_util_sh.py'
[2.495s] INFO:colcon.colcon_core.shell:Creating prefix chain script '/home/wbc/Projects/ros2_grasp_position_compute/install/setup.sh'
[2.496s] INFO:colcon.colcon_core.shell:Creating prefix script '/home/wbc/Projects/ros2_grasp_position_compute/install/local_setup.bash'
[2.496s] INFO:colcon.colcon_core.shell:Creating prefix chain script '/home/wbc/Projects/ros2_grasp_position_compute/install/setup.bash'
[2.497s] INFO:colcon.colcon_core.shell:Creating prefix script '/home/wbc/Projects/ros2_grasp_position_compute/install/local_setup.zsh'
[2.497s] INFO:colcon.colcon_core.shell:Creating prefix chain script '/home/wbc/Projects/ros2_grasp_position_compute/install/setup.zsh'
